2003.12.26 23:27 B C:\Documents and Settings\Matrix\Desktop\dl\lib\world\backup_world <-- spunge.com /home3/mayhem42/dl/lib/world backup_world
2003.12.26 23:27 B C:\Documents and Settings\Matrix\Desktop\dl\lib\world\index <-- spunge.com /home3/mayhem42/dl/lib/world index
2003.12.26 23:27 B C:\Documents and Settings\Matrix\Desktop\dl\lib\world\mobfilt <-- spunge.com /home3/mayhem42/dl/lib/world mobfilt
2003.12.26 23:28 B C:\Documents and Settings\Matrix\Desktop\dl\lib\world\objfilt <-- spunge.com /home3/mayhem42/dl/lib/world objfilt
2003.12.26 23:28 B C:\Documents and Settings\Matrix\Desktop\dl\lib\world\README <-- spunge.com /home3/mayhem42/dl/lib/world README
2003.12.26 23:28 B C:\Documents and Settings\Matrix\Desktop\dl\lib\world\wldfilt <-- spunge.com /home3/mayhem42/dl/lib/world wldfilt
2003.12.26 23:28 B C:\Documents and Settings\Matrix\Desktop\dl\lib\world\zone.lst <-- spunge.com /home3/mayhem42/dl/lib/world zone.lst
2003.12.26 23:28 B C:\Documents and Settings\Matrix\Desktop\dl\lib\world\zonfilt <-- spunge.com /home3/mayhem42/dl/lib/world zonfilt
2003.12.27 00:27 B C:\Documents and Settings\Matrix\Desktop\dl\lib\world\backup_world --> ftp.thefitz.homelinux.net /home/dharkmud/dl/lib/world backup_world
2003.12.27 00:27 B C:\Documents and Settings\Matrix\Desktop\dl\lib\world\index --> ftp.thefitz.homelinux.net /home/dharkmud/dl/lib/world index
2003.12.27 00:27 B C:\Documents and Settings\Matrix\Desktop\dl\lib\world\mobfilt --> ftp.thefitz.homelinux.net /home/dharkmud/dl/lib/world mobfilt
2003.12.27 00:27 B C:\Documents and Settings\Matrix\Desktop\dl\lib\world\objfilt --> ftp.thefitz.homelinux.net /home/dharkmud/dl/lib/world objfilt
2003.12.27 00:27 B C:\Documents and Settings\Matrix\Desktop\dl\lib\world\README --> ftp.thefitz.homelinux.net /home/dharkmud/dl/lib/world README
2003.12.27 00:27 B C:\Documents and Settings\Matrix\Desktop\dl\lib\world\wldfilt --> ftp.thefitz.homelinux.net /home/dharkmud/dl/lib/world wldfilt
2003.12.27 00:27 B C:\Documents and Settings\Matrix\Desktop\dl\lib\world\WS_FTP.LOG --> ftp.thefitz.homelinux.net /home/dharkmud/dl/lib/world WS_FTP.LOG
2003.12.27 00:27 B C:\Documents and Settings\Matrix\Desktop\dl\lib\world\zone.lst --> ftp.thefitz.homelinux.net /home/dharkmud/dl/lib/world zone.lst
2003.12.27 00:27 B C:\Documents and Settings\Matrix\Desktop\dl\lib\world\zonfilt --> ftp.thefitz.homelinux.net /home/dharkmud/dl/lib/world zonfilt
2003.12.27 16:03 B C:\Documents and Settings\Matrix\Desktop\dl\lib\world\backup_world --> ftp.spunge.org /home3/mayhem42/dl/lib/world backup_world
2003.12.27 16:03 B C:\Documents and Settings\Matrix\Desktop\dl\lib\world\index --> ftp.spunge.org /home3/mayhem42/dl/lib/world index
2003.12.27 16:03 B C:\Documents and Settings\Matrix\Desktop\dl\lib\world\mobfilt --> ftp.spunge.org /home3/mayhem42/dl/lib/world mobfilt
2003.12.27 16:03 B C:\Documents and Settings\Matrix\Desktop\dl\lib\world\objfilt --> ftp.spunge.org /home3/mayhem42/dl/lib/world objfilt
2003.12.27 16:03 B C:\Documents and Settings\Matrix\Desktop\dl\lib\world\README --> ftp.spunge.org /home3/mayhem42/dl/lib/world README
2003.12.27 16:03 B C:\Documents and Settings\Matrix\Desktop\dl\lib\world\wldfilt --> ftp.spunge.org /home3/mayhem42/dl/lib/world wldfilt
