2003.12.26 23:22 B C:\Documents and Settings\Matrix\Desktop\dl\lib\world\wld\0.wld <-- spunge.com /home3/mayhem42/dl/lib/world/wld 0.wld
2003.12.26 23:22 B C:\Documents and Settings\Matrix\Desktop\dl\lib\world\wld\1.wld <-- spunge.com /home3/mayhem42/dl/lib/world/wld 1.wld
2003.12.26 23:22 B C:\Documents and Settings\Matrix\Desktop\dl\lib\world\wld\101.wld <-- spunge.com /home3/mayhem42/dl/lib/world/wld 101.wld
2003.12.26 23:22 B C:\Documents and Settings\Matrix\Desktop\dl\lib\world\wld\12.wld <-- spunge.com /home3/mayhem42/dl/lib/world/wld 12.wld
2003.12.26 23:22 B C:\Documents and Settings\Matrix\Desktop\dl\lib\world\wld\120.wld <-- spunge.com /home3/mayhem42/dl/lib/world/wld 120.wld
2003.12.26 23:22 B C:\Documents and Settings\Matrix\Desktop\dl\lib\world\wld\141.wld <-- spunge.com /home3/mayhem42/dl/lib/world/wld 141.wld
2003.12.26 23:22 B C:\Documents and Settings\Matrix\Desktop\dl\lib\world\wld\15.wld <-- spunge.com /home3/mayhem42/dl/lib/world/wld 15.wld
2003.12.26 23:22 B C:\Documents and Settings\Matrix\Desktop\dl\lib\world\wld\150.wld <-- spunge.com /home3/mayhem42/dl/lib/world/wld 150.wld
2003.12.26 23:22 B C:\Documents and Settings\Matrix\Desktop\dl\lib\world\wld\170.wld <-- spunge.com /home3/mayhem42/dl/lib/world/wld 170.wld
2003.12.26 23:22 B C:\Documents and Settings\Matrix\Desktop\dl\lib\world\wld\186.wld <-- spunge.com /home3/mayhem42/dl/lib/world/wld 186.wld
2003.12.26 23:22 B C:\Documents and Settings\Matrix\Desktop\dl\lib\world\wld\210.wld <-- spunge.com /home3/mayhem42/dl/lib/world/wld 210.wld
2003.12.26 23:22 B C:\Documents and Settings\Matrix\Desktop\dl\lib\world\wld\220.wld <-- spunge.com /home3/mayhem42/dl/lib/world/wld 220.wld
2003.12.26 23:23 B C:\Documents and Settings\Matrix\Desktop\dl\lib\world\wld\221.wld <-- spunge.com /home3/mayhem42/dl/lib/world/wld 221.wld
2003.12.26 23:23 B C:\Documents and Settings\Matrix\Desktop\dl\lib\world\wld\222.wld <-- spunge.com /home3/mayhem42/dl/lib/world/wld 222.wld
2003.12.26 23:23 B C:\Documents and Settings\Matrix\Desktop\dl\lib\world\wld\223.wld <-- spunge.com /home3/mayhem42/dl/lib/world/wld 223.wld
2003.12.26 23:23 B C:\Documents and Settings\Matrix\Desktop\dl\lib\world\wld\224.wld <-- spunge.com /home3/mayhem42/dl/lib/world/wld 224.wld
2003.12.26 23:23 B C:\Documents and Settings\Matrix\Desktop\dl\lib\world\wld\225.wld <-- spunge.com /home3/mayhem42/dl/lib/world/wld 225.wld
2003.12.26 23:23 B C:\Documents and Settings\Matrix\Desktop\dl\lib\world\wld\226.wld <-- spunge.com /home3/mayhem42/dl/lib/world/wld 226.wld
2003.12.26 23:23 B C:\Documents and Settings\Matrix\Desktop\dl\lib\world\wld\25.wld <-- spunge.com /home3/mayhem42/dl/lib/world/wld 25.wld
2003.12.26 23:23 B C:\Documents and Settings\Matrix\Desktop\dl\lib\world\wld\296.wld <-- spunge.com /home3/mayhem42/dl/lib/world/wld 296.wld
2003.12.26 23:23 B C:\Documents and Settings\Matrix\Desktop\dl\lib\world\wld\30.wld <-- spunge.com /home3/mayhem42/dl/lib/world/wld 30.wld
2003.12.26 23:23 B C:\Documents and Settings\Matrix\Desktop\dl\lib\world\wld\31.wld <-- spunge.com /home3/mayhem42/dl/lib/world/wld 31.wld
2003.12.26 23:23 B C:\Documents and Settings\Matrix\Desktop\dl\lib\world\wld\32.wld <-- spunge.com /home3/mayhem42/dl/lib/world/wld 32.wld
2003.12.26 23:23 B C:\Documents and Settings\Matrix\Desktop\dl\lib\world\wld\33.wld <-- spunge.com /home3/mayhem42/dl/lib/world/wld 33.wld
2003.12.26 23:23 B C:\Documents and Settings\Matrix\Desktop\dl\lib\world\wld\35.wld <-- spunge.com /home3/mayhem42/dl/lib/world/wld 35.wld
2003.12.26 23:24 B C:\Documents and Settings\Matrix\Desktop\dl\lib\world\wld\36.wld <-- spunge.com /home3/mayhem42/dl/lib/world/wld 36.wld
2003.12.26 23:24 B C:\Documents and Settings\Matrix\Desktop\dl\lib\world\wld\40.wld <-- spunge.com /home3/mayhem42/dl/lib/world/wld 40.wld
2003.12.26 23:24 B C:\Documents and Settings\Matrix\Desktop\dl\lib\world\wld\50.wld <-- spunge.com /home3/mayhem42/dl/lib/world/wld 50.wld
2003.12.26 23:24 B C:\Documents and Settings\Matrix\Desktop\dl\lib\world\wld\51.wld <-- spunge.com /home3/mayhem42/dl/lib/world/wld 51.wld
2003.12.26 23:24 B C:\Documents and Settings\Matrix\Desktop\dl\lib\world\wld\52.wld <-- spunge.com /home3/mayhem42/dl/lib/world/wld 52.wld
2003.12.26 23:24 B C:\Documents and Settings\Matrix\Desktop\dl\lib\world\wld\53.wld <-- spunge.com /home3/mayhem42/dl/lib/world/wld 53.wld
2003.12.26 23:24 B C:\Documents and Settings\Matrix\Desktop\dl\lib\world\wld\54.wld <-- spunge.com /home3/mayhem42/dl/lib/world/wld 54.wld
2003.12.26 23:24 B C:\Documents and Settings\Matrix\Desktop\dl\lib\world\wld\57.wld <-- spunge.com /home3/mayhem42/dl/lib/world/wld 57.wld
2003.12.26 23:24 B C:\Documents and Settings\Matrix\Desktop\dl\lib\world\wld\58.wld <-- spunge.com /home3/mayhem42/dl/lib/world/wld 58.wld
2003.12.26 23:24 B C:\Documents and Settings\Matrix\Desktop\dl\lib\world\wld\59.wld <-- spunge.com /home3/mayhem42/dl/lib/world/wld 59.wld
2003.12.26 23:24 B C:\Documents and Settings\Matrix\Desktop\dl\lib\world\wld\60.wld <-- spunge.com /home3/mayhem42/dl/lib/world/wld 60.wld
2003.12.26 23:24 B C:\Documents and Settings\Matrix\Desktop\dl\lib\world\wld\61.wld <-- spunge.com /home3/mayhem42/dl/lib/world/wld 61.wld
2003.12.26 23:24 B C:\Documents and Settings\Matrix\Desktop\dl\lib\world\wld\62.wld <-- spunge.com /home3/mayhem42/dl/lib/world/wld 62.wld
2003.12.26 23:24 B C:\Documents and Settings\Matrix\Desktop\dl\lib\world\wld\63.wld <-- spunge.com /home3/mayhem42/dl/lib/world/wld 63.wld
2003.12.26 23:25 B C:\Documents and Settings\Matrix\Desktop\dl\lib\world\wld\64.wld <-- spunge.com /home3/mayhem42/dl/lib/world/wld 64.wld
2003.12.26 23:25 B C:\Documents and Settings\Matrix\Desktop\dl\lib\world\wld\65.wld <-- spunge.com /home3/mayhem42/dl/lib/world/wld 65.wld
2003.12.26 23:25 B C:\Documents and Settings\Matrix\Desktop\dl\lib\world\wld\66.wld <-- spunge.com /home3/mayhem42/dl/lib/world/wld 66.wld
2003.12.26 23:25 B C:\Documents and Settings\Matrix\Desktop\dl\lib\world\wld\68.wld <-- spunge.com /home3/mayhem42/dl/lib/world/wld 68.wld
2003.12.26 23:25 B C:\Documents and Settings\Matrix\Desktop\dl\lib\world\wld\70.wld <-- spunge.com /home3/mayhem42/dl/lib/world/wld 70.wld
2003.12.26 23:25 B C:\Documents and Settings\Matrix\Desktop\dl\lib\world\wld\71.wld <-- spunge.com /home3/mayhem42/dl/lib/world/wld 71.wld
2003.12.26 23:25 B C:\Documents and Settings\Matrix\Desktop\dl\lib\world\wld\72.wld <-- spunge.com /home3/mayhem42/dl/lib/world/wld 72.wld
2003.12.26 23:25 B C:\Documents and Settings\Matrix\Desktop\dl\lib\world\wld\79.wld <-- spunge.com /home3/mayhem42/dl/lib/world/wld 79.wld
2003.12.26 23:25 B C:\Documents and Settings\Matrix\Desktop\dl\lib\world\wld\9.wld <-- spunge.com /home3/mayhem42/dl/lib/world/wld 9.wld
2003.12.26 23:25 B C:\Documents and Settings\Matrix\Desktop\dl\lib\world\wld\90.wld <-- spunge.com /home3/mayhem42/dl/lib/world/wld 90.wld
2003.12.26 23:25 B C:\Documents and Settings\Matrix\Desktop\dl\lib\world\wld\91.wld <-- spunge.com /home3/mayhem42/dl/lib/world/wld 91.wld
2003.12.26 23:25 B C:\Documents and Settings\Matrix\Desktop\dl\lib\world\wld\92.wld <-- spunge.com /home3/mayhem42/dl/lib/world/wld 92.wld
2003.12.26 23:25 B C:\Documents and Settings\Matrix\Desktop\dl\lib\world\wld\95.wld <-- spunge.com /home3/mayhem42/dl/lib/world/wld 95.wld
2003.12.26 23:25 B C:\Documents and Settings\Matrix\Desktop\dl\lib\world\wld\96.wld <-- spunge.com /home3/mayhem42/dl/lib/world/wld 96.wld
2003.12.26 23:25 B C:\Documents and Settings\Matrix\Desktop\dl\lib\world\wld\97.wld <-- spunge.com /home3/mayhem42/dl/lib/world/wld 97.wld
2003.12.26 23:25 B C:\Documents and Settings\Matrix\Desktop\dl\lib\world\wld\index <-- spunge.com /home3/mayhem42/dl/lib/world/wld index
2003.12.26 23:25 B C:\Documents and Settings\Matrix\Desktop\dl\lib\world\wld\index.mini <-- spunge.com /home3/mayhem42/dl/lib/world/wld index.mini
2003.12.27 00:19 B C:\Documents and Settings\Matrix\Desktop\dl\lib\world\wld\0.wld --> ftp.thefitz.homelinux.net /home/dharkmud/dl/lib/world/wld 0.wld
2003.12.27 00:19 B C:\Documents and Settings\Matrix\Desktop\dl\lib\world\wld\1.wld --> ftp.thefitz.homelinux.net /home/dharkmud/dl/lib/world/wld 1.wld
2003.12.27 00:19 B C:\Documents and Settings\Matrix\Desktop\dl\lib\world\wld\101.wld --> ftp.thefitz.homelinux.net /home/dharkmud/dl/lib/world/wld 101.wld
2003.12.27 00:19 B C:\Documents and Settings\Matrix\Desktop\dl\lib\world\wld\12.wld --> ftp.thefitz.homelinux.net /home/dharkmud/dl/lib/world/wld 12.wld
2003.12.27 00:19 B C:\Documents and Settings\Matrix\Desktop\dl\lib\world\wld\120.wld --> ftp.thefitz.homelinux.net /home/dharkmud/dl/lib/world/wld 120.wld
2003.12.27 00:19 B C:\Documents and Settings\Matrix\Desktop\dl\lib\world\wld\141.wld --> ftp.thefitz.homelinux.net /home/dharkmud/dl/lib/world/wld 141.wld
2003.12.27 00:19 B C:\Documents and Settings\Matrix\Desktop\dl\lib\world\wld\15.wld --> ftp.thefitz.homelinux.net /home/dharkmud/dl/lib/world/wld 15.wld
2003.12.27 00:20 B C:\Documents and Settings\Matrix\Desktop\dl\lib\world\wld\150.wld --> ftp.thefitz.homelinux.net /home/dharkmud/dl/lib/world/wld 150.wld
2003.12.27 00:20 B C:\Documents and Settings\Matrix\Desktop\dl\lib\world\wld\170.wld --> ftp.thefitz.homelinux.net /home/dharkmud/dl/lib/world/wld 170.wld
2003.12.27 00:20 B C:\Documents and Settings\Matrix\Desktop\dl\lib\world\wld\186.wld --> ftp.thefitz.homelinux.net /home/dharkmud/dl/lib/world/wld 186.wld
2003.12.27 00:20 B C:\Documents and Settings\Matrix\Desktop\dl\lib\world\wld\210.wld --> ftp.thefitz.homelinux.net /home/dharkmud/dl/lib/world/wld 210.wld
2003.12.27 00:20 B C:\Documents and Settings\Matrix\Desktop\dl\lib\world\wld\220.wld --> ftp.thefitz.homelinux.net /home/dharkmud/dl/lib/world/wld 220.wld
2003.12.27 00:20 B C:\Documents and Settings\Matrix\Desktop\dl\lib\world\wld\221.wld --> ftp.thefitz.homelinux.net /home/dharkmud/dl/lib/world/wld 221.wld
2003.12.27 00:21 B C:\Documents and Settings\Matrix\Desktop\dl\lib\world\wld\222.wld --> ftp.thefitz.homelinux.net /home/dharkmud/dl/lib/world/wld 222.wld
2003.12.27 00:21 B C:\Documents and Settings\Matrix\Desktop\dl\lib\world\wld\223.wld --> ftp.thefitz.homelinux.net /home/dharkmud/dl/lib/world/wld 223.wld
2003.12.27 00:21 B C:\Documents and Settings\Matrix\Desktop\dl\lib\world\wld\224.wld --> ftp.thefitz.homelinux.net /home/dharkmud/dl/lib/world/wld 224.wld
2003.12.27 00:21 B C:\Documents and Settings\Matrix\Desktop\dl\lib\world\wld\225.wld --> ftp.thefitz.homelinux.net /home/dharkmud/dl/lib/world/wld 225.wld
2003.12.27 00:21 B C:\Documents and Settings\Matrix\Desktop\dl\lib\world\wld\226.wld --> ftp.thefitz.homelinux.net /home/dharkmud/dl/lib/world/wld 226.wld
2003.12.27 00:21 B C:\Documents and Settings\Matrix\Desktop\dl\lib\world\wld\25.wld --> ftp.thefitz.homelinux.net /home/dharkmud/dl/lib/world/wld 25.wld
2003.12.27 00:21 B C:\Documents and Settings\Matrix\Desktop\dl\lib\world\wld\296.wld --> ftp.thefitz.homelinux.net /home/dharkmud/dl/lib/world/wld 296.wld
2003.12.27 00:21 B C:\Documents and Settings\Matrix\Desktop\dl\lib\world\wld\30.wld --> ftp.thefitz.homelinux.net /home/dharkmud/dl/lib/world/wld 30.wld
2003.12.27 00:21 B C:\Documents and Settings\Matrix\Desktop\dl\lib\world\wld\31.wld --> ftp.thefitz.homelinux.net /home/dharkmud/dl/lib/world/wld 31.wld
2003.12.27 00:21 B C:\Documents and Settings\Matrix\Desktop\dl\lib\world\wld\32.wld --> ftp.thefitz.homelinux.net /home/dharkmud/dl/lib/world/wld 32.wld
2003.12.27 00:22 B C:\Documents and Settings\Matrix\Desktop\dl\lib\world\wld\33.wld --> ftp.thefitz.homelinux.net /home/dharkmud/dl/lib/world/wld 33.wld
2003.12.27 00:22 B C:\Documents and Settings\Matrix\Desktop\dl\lib\world\wld\35.wld --> ftp.thefitz.homelinux.net /home/dharkmud/dl/lib/world/wld 35.wld
2003.12.27 00:22 B C:\Documents and Settings\Matrix\Desktop\dl\lib\world\wld\36.wld --> ftp.thefitz.homelinux.net /home/dharkmud/dl/lib/world/wld 36.wld
2003.12.27 00:22 B C:\Documents and Settings\Matrix\Desktop\dl\lib\world\wld\40.wld --> ftp.thefitz.homelinux.net /home/dharkmud/dl/lib/world/wld 40.wld
2003.12.27 00:22 B C:\Documents and Settings\Matrix\Desktop\dl\lib\world\wld\50.wld --> ftp.thefitz.homelinux.net /home/dharkmud/dl/lib/world/wld 50.wld
2003.12.27 00:22 B C:\Documents and Settings\Matrix\Desktop\dl\lib\world\wld\51.wld --> ftp.thefitz.homelinux.net /home/dharkmud/dl/lib/world/wld 51.wld
2003.12.27 00:22 B C:\Documents and Settings\Matrix\Desktop\dl\lib\world\wld\52.wld --> ftp.thefitz.homelinux.net /home/dharkmud/dl/lib/world/wld 52.wld
2003.12.27 00:22 B C:\Documents and Settings\Matrix\Desktop\dl\lib\world\wld\53.wld --> ftp.thefitz.homelinux.net /home/dharkmud/dl/lib/world/wld 53.wld
2003.12.27 00:23 B C:\Documents and Settings\Matrix\Desktop\dl\lib\world\wld\54.wld --> ftp.thefitz.homelinux.net /home/dharkmud/dl/lib/world/wld 54.wld
2003.12.27 00:23 B C:\Documents and Settings\Matrix\Desktop\dl\lib\world\wld\57.wld --> ftp.thefitz.homelinux.net /home/dharkmud/dl/lib/world/wld 57.wld
2003.12.27 00:23 B C:\Documents and Settings\Matrix\Desktop\dl\lib\world\wld\58.wld --> ftp.thefitz.homelinux.net /home/dharkmud/dl/lib/world/wld 58.wld
2003.12.27 00:23 B C:\Documents and Settings\Matrix\Desktop\dl\lib\world\wld\59.wld --> ftp.thefitz.homelinux.net /home/dharkmud/dl/lib/world/wld 59.wld
2003.12.27 00:23 B C:\Documents and Settings\Matrix\Desktop\dl\lib\world\wld\60.wld --> ftp.thefitz.homelinux.net /home/dharkmud/dl/lib/world/wld 60.wld
2003.12.27 00:23 B C:\Documents and Settings\Matrix\Desktop\dl\lib\world\wld\61.wld --> ftp.thefitz.homelinux.net /home/dharkmud/dl/lib/world/wld 61.wld
2003.12.27 00:23 B C:\Documents and Settings\Matrix\Desktop\dl\lib\world\wld\62.wld --> ftp.thefitz.homelinux.net /home/dharkmud/dl/lib/world/wld 62.wld
2003.12.27 00:23 B C:\Documents and Settings\Matrix\Desktop\dl\lib\world\wld\63.wld --> ftp.thefitz.homelinux.net /home/dharkmud/dl/lib/world/wld 63.wld
2003.12.27 00:24 B C:\Documents and Settings\Matrix\Desktop\dl\lib\world\wld\64.wld --> ftp.thefitz.homelinux.net /home/dharkmud/dl/lib/world/wld 64.wld
2003.12.27 00:24 B C:\Documents and Settings\Matrix\Desktop\dl\lib\world\wld\65.wld --> ftp.thefitz.homelinux.net /home/dharkmud/dl/lib/world/wld 65.wld
2003.12.27 00:24 B C:\Documents and Settings\Matrix\Desktop\dl\lib\world\wld\66.wld --> ftp.thefitz.homelinux.net /home/dharkmud/dl/lib/world/wld 66.wld
2003.12.27 00:24 B C:\Documents and Settings\Matrix\Desktop\dl\lib\world\wld\68.wld --> ftp.thefitz.homelinux.net /home/dharkmud/dl/lib/world/wld 68.wld
2003.12.27 00:24 B C:\Documents and Settings\Matrix\Desktop\dl\lib\world\wld\70.wld --> ftp.thefitz.homelinux.net /home/dharkmud/dl/lib/world/wld 70.wld
2003.12.27 00:24 B C:\Documents and Settings\Matrix\Desktop\dl\lib\world\wld\71.wld --> ftp.thefitz.homelinux.net /home/dharkmud/dl/lib/world/wld 71.wld
2003.12.27 00:24 B C:\Documents and Settings\Matrix\Desktop\dl\lib\world\wld\72.wld --> ftp.thefitz.homelinux.net /home/dharkmud/dl/lib/world/wld 72.wld
2003.12.27 00:24 B C:\Documents and Settings\Matrix\Desktop\dl\lib\world\wld\79.wld --> ftp.thefitz.homelinux.net /home/dharkmud/dl/lib/world/wld 79.wld
2003.12.27 00:24 B C:\Documents and Settings\Matrix\Desktop\dl\lib\world\wld\9.wld --> ftp.thefitz.homelinux.net /home/dharkmud/dl/lib/world/wld 9.wld
2003.12.27 00:24 B C:\Documents and Settings\Matrix\Desktop\dl\lib\world\wld\90.wld --> ftp.thefitz.homelinux.net /home/dharkmud/dl/lib/world/wld 90.wld
2003.12.27 00:24 B C:\Documents and Settings\Matrix\Desktop\dl\lib\world\wld\91.wld --> ftp.thefitz.homelinux.net /home/dharkmud/dl/lib/world/wld 91.wld
2003.12.27 00:24 B C:\Documents and Settings\Matrix\Desktop\dl\lib\world\wld\92.wld --> ftp.thefitz.homelinux.net /home/dharkmud/dl/lib/world/wld 92.wld
2003.12.27 00:24 B C:\Documents and Settings\Matrix\Desktop\dl\lib\world\wld\95.wld --> ftp.thefitz.homelinux.net /home/dharkmud/dl/lib/world/wld 95.wld
2003.12.27 00:25 B C:\Documents and Settings\Matrix\Desktop\dl\lib\world\wld\96.wld --> ftp.thefitz.homelinux.net /home/dharkmud/dl/lib/world/wld 96.wld
2003.12.27 00:25 B C:\Documents and Settings\Matrix\Desktop\dl\lib\world\wld\97.wld --> ftp.thefitz.homelinux.net /home/dharkmud/dl/lib/world/wld 97.wld
2003.12.27 00:25 B C:\Documents and Settings\Matrix\Desktop\dl\lib\world\wld\index --> ftp.thefitz.homelinux.net /home/dharkmud/dl/lib/world/wld index
2003.12.27 00:25 B C:\Documents and Settings\Matrix\Desktop\dl\lib\world\wld\index.mini --> ftp.thefitz.homelinux.net /home/dharkmud/dl/lib/world/wld index.mini
2003.12.27 00:25 B C:\Documents and Settings\Matrix\Desktop\dl\lib\world\wld\WS_FTP.LOG --> ftp.thefitz.homelinux.net /home/dharkmud/dl/lib/world/wld WS_FTP.LOG
2003.12.27 15:55 B C:\Documents and Settings\Matrix\Desktop\dl\lib\world\wld\0.wld --> ftp.spunge.org /home3/mayhem42/dl/lib/world/wld 0.wld
2003.12.27 15:55 B C:\Documents and Settings\Matrix\Desktop\dl\lib\world\wld\1.wld --> ftp.spunge.org /home3/mayhem42/dl/lib/world/wld 1.wld
2003.12.27 15:55 B C:\Documents and Settings\Matrix\Desktop\dl\lib\world\wld\101.wld --> ftp.spunge.org /home3/mayhem42/dl/lib/world/wld 101.wld
2003.12.27 15:55 B C:\Documents and Settings\Matrix\Desktop\dl\lib\world\wld\12.wld --> ftp.spunge.org /home3/mayhem42/dl/lib/world/wld 12.wld
2003.12.27 15:56 B C:\Documents and Settings\Matrix\Desktop\dl\lib\world\wld\120.wld --> ftp.spunge.org /home3/mayhem42/dl/lib/world/wld 120.wld
2003.12.27 15:56 B C:\Documents and Settings\Matrix\Desktop\dl\lib\world\wld\141.wld --> ftp.spunge.org /home3/mayhem42/dl/lib/world/wld 141.wld
2003.12.27 15:56 B C:\Documents and Settings\Matrix\Desktop\dl\lib\world\wld\15.wld --> ftp.spunge.org /home3/mayhem42/dl/lib/world/wld 15.wld
2003.12.27 15:56 B C:\Documents and Settings\Matrix\Desktop\dl\lib\world\wld\150.wld --> ftp.spunge.org /home3/mayhem42/dl/lib/world/wld 150.wld
2003.12.27 15:56 B C:\Documents and Settings\Matrix\Desktop\dl\lib\world\wld\170.wld --> ftp.spunge.org /home3/mayhem42/dl/lib/world/wld 170.wld
2003.12.27 15:56 B C:\Documents and Settings\Matrix\Desktop\dl\lib\world\wld\186.wld --> ftp.spunge.org /home3/mayhem42/dl/lib/world/wld 186.wld
2003.12.27 15:56 B C:\Documents and Settings\Matrix\Desktop\dl\lib\world\wld\210.wld --> ftp.spunge.org /home3/mayhem42/dl/lib/world/wld 210.wld
2003.12.27 15:57 B C:\Documents and Settings\Matrix\Desktop\dl\lib\world\wld\220.wld --> ftp.spunge.org /home3/mayhem42/dl/lib/world/wld 220.wld
2003.12.27 15:57 B C:\Documents and Settings\Matrix\Desktop\dl\lib\world\wld\221.wld --> ftp.spunge.org /home3/mayhem42/dl/lib/world/wld 221.wld
2003.12.27 15:57 B C:\Documents and Settings\Matrix\Desktop\dl\lib\world\wld\222.wld --> ftp.spunge.org /home3/mayhem42/dl/lib/world/wld 222.wld
2003.12.27 15:57 B C:\Documents and Settings\Matrix\Desktop\dl\lib\world\wld\223.wld --> ftp.spunge.org /home3/mayhem42/dl/lib/world/wld 223.wld
2003.12.27 15:57 B C:\Documents and Settings\Matrix\Desktop\dl\lib\world\wld\224.wld --> ftp.spunge.org /home3/mayhem42/dl/lib/world/wld 224.wld
2003.12.27 15:57 B C:\Documents and Settings\Matrix\Desktop\dl\lib\world\wld\225.wld --> ftp.spunge.org /home3/mayhem42/dl/lib/world/wld 225.wld
2003.12.27 15:57 B C:\Documents and Settings\Matrix\Desktop\dl\lib\world\wld\226.wld --> ftp.spunge.org /home3/mayhem42/dl/lib/world/wld 226.wld
2003.12.27 15:57 B C:\Documents and Settings\Matrix\Desktop\dl\lib\world\wld\25.wld --> ftp.spunge.org /home3/mayhem42/dl/lib/world/wld 25.wld
2003.12.27 15:57 B C:\Documents and Settings\Matrix\Desktop\dl\lib\world\wld\296.wld --> ftp.spunge.org /home3/mayhem42/dl/lib/world/wld 296.wld
2003.12.27 15:57 B C:\Documents and Settings\Matrix\Desktop\dl\lib\world\wld\30.wld --> ftp.spunge.org /home3/mayhem42/dl/lib/world/wld 30.wld
2003.12.27 15:58 B C:\Documents and Settings\Matrix\Desktop\dl\lib\world\wld\31.wld --> ftp.spunge.org /home3/mayhem42/dl/lib/world/wld 31.wld
2003.12.27 15:58 B C:\Documents and Settings\Matrix\Desktop\dl\lib\world\wld\32.wld --> ftp.spunge.org /home3/mayhem42/dl/lib/world/wld 32.wld
2003.12.27 15:58 B C:\Documents and Settings\Matrix\Desktop\dl\lib\world\wld\33.wld --> ftp.spunge.org /home3/mayhem42/dl/lib/world/wld 33.wld
2003.12.27 15:58 B C:\Documents and Settings\Matrix\Desktop\dl\lib\world\wld\35.wld --> ftp.spunge.org /home3/mayhem42/dl/lib/world/wld 35.wld
2003.12.27 15:58 B C:\Documents and Settings\Matrix\Desktop\dl\lib\world\wld\36.wld --> ftp.spunge.org /home3/mayhem42/dl/lib/world/wld 36.wld
2003.12.27 15:58 B C:\Documents and Settings\Matrix\Desktop\dl\lib\world\wld\40.wld --> ftp.spunge.org /home3/mayhem42/dl/lib/world/wld 40.wld
2003.12.27 15:58 B C:\Documents and Settings\Matrix\Desktop\dl\lib\world\wld\50.wld --> ftp.spunge.org /home3/mayhem42/dl/lib/world/wld 50.wld
2003.12.27 15:58 B C:\Documents and Settings\Matrix\Desktop\dl\lib\world\wld\51.wld --> ftp.spunge.org /home3/mayhem42/dl/lib/world/wld 51.wld
2003.12.27 15:59 B C:\Documents and Settings\Matrix\Desktop\dl\lib\world\wld\52.wld --> ftp.spunge.org /home3/mayhem42/dl/lib/world/wld 52.wld
2003.12.27 15:59 B C:\Documents and Settings\Matrix\Desktop\dl\lib\world\wld\53.wld --> ftp.spunge.org /home3/mayhem42/dl/lib/world/wld 53.wld
2003.12.27 15:59 B C:\Documents and Settings\Matrix\Desktop\dl\lib\world\wld\54.wld --> ftp.spunge.org /home3/mayhem42/dl/lib/world/wld 54.wld
2003.12.27 15:59 B C:\Documents and Settings\Matrix\Desktop\dl\lib\world\wld\57.wld --> ftp.spunge.org /home3/mayhem42/dl/lib/world/wld 57.wld
2003.12.27 15:59 B C:\Documents and Settings\Matrix\Desktop\dl\lib\world\wld\58.wld --> ftp.spunge.org /home3/mayhem42/dl/lib/world/wld 58.wld
2003.12.27 15:59 B C:\Documents and Settings\Matrix\Desktop\dl\lib\world\wld\59.wld --> ftp.spunge.org /home3/mayhem42/dl/lib/world/wld 59.wld
2003.12.27 15:59 B C:\Documents and Settings\Matrix\Desktop\dl\lib\world\wld\60.wld --> ftp.spunge.org /home3/mayhem42/dl/lib/world/wld 60.wld
2003.12.27 15:59 B C:\Documents and Settings\Matrix\Desktop\dl\lib\world\wld\61.wld --> ftp.spunge.org /home3/mayhem42/dl/lib/world/wld 61.wld
2003.12.27 16:00 B C:\Documents and Settings\Matrix\Desktop\dl\lib\world\wld\62.wld --> ftp.spunge.org /home3/mayhem42/dl/lib/world/wld 62.wld
2003.12.27 16:00 B C:\Documents and Settings\Matrix\Desktop\dl\lib\world\wld\63.wld --> ftp.spunge.org /home3/mayhem42/dl/lib/world/wld 63.wld
2003.12.27 16:00 B C:\Documents and Settings\Matrix\Desktop\dl\lib\world\wld\64.wld --> ftp.spunge.org /home3/mayhem42/dl/lib/world/wld 64.wld
2003.12.27 16:00 B C:\Documents and Settings\Matrix\Desktop\dl\lib\world\wld\65.wld --> ftp.spunge.org /home3/mayhem42/dl/lib/world/wld 65.wld
2003.12.27 16:00 B C:\Documents and Settings\Matrix\Desktop\dl\lib\world\wld\66.wld --> ftp.spunge.org /home3/mayhem42/dl/lib/world/wld 66.wld
2003.12.27 16:00 B C:\Documents and Settings\Matrix\Desktop\dl\lib\world\wld\68.wld --> ftp.spunge.org /home3/mayhem42/dl/lib/world/wld 68.wld
2003.12.27 16:00 B C:\Documents and Settings\Matrix\Desktop\dl\lib\world\wld\70.wld --> ftp.spunge.org /home3/mayhem42/dl/lib/world/wld 70.wld
2003.12.27 16:00 B C:\Documents and Settings\Matrix\Desktop\dl\lib\world\wld\71.wld --> ftp.spunge.org /home3/mayhem42/dl/lib/world/wld 71.wld
2003.12.27 16:01 B C:\Documents and Settings\Matrix\Desktop\dl\lib\world\wld\72.wld --> ftp.spunge.org /home3/mayhem42/dl/lib/world/wld 72.wld
2003.12.27 16:01 B C:\Documents and Settings\Matrix\Desktop\dl\lib\world\wld\79.wld --> ftp.spunge.org /home3/mayhem42/dl/lib/world/wld 79.wld
2003.12.27 16:01 B C:\Documents and Settings\Matrix\Desktop\dl\lib\world\wld\9.wld --> ftp.spunge.org /home3/mayhem42/dl/lib/world/wld 9.wld
2003.12.27 16:01 B C:\Documents and Settings\Matrix\Desktop\dl\lib\world\wld\90.wld --> ftp.spunge.org /home3/mayhem42/dl/lib/world/wld 90.wld
2003.12.27 16:01 B C:\Documents and Settings\Matrix\Desktop\dl\lib\world\wld\91.wld --> ftp.spunge.org /home3/mayhem42/dl/lib/world/wld 91.wld
2003.12.27 16:01 B C:\Documents and Settings\Matrix\Desktop\dl\lib\world\wld\92.wld --> ftp.spunge.org /home3/mayhem42/dl/lib/world/wld 92.wld
2003.12.27 16:01 B C:\Documents and Settings\Matrix\Desktop\dl\lib\world\wld\95.wld --> ftp.spunge.org /home3/mayhem42/dl/lib/world/wld 95.wld
2003.12.27 16:01 B C:\Documents and Settings\Matrix\Desktop\dl\lib\world\wld\96.wld --> ftp.spunge.org /home3/mayhem42/dl/lib/world/wld 96.wld
2003.12.27 16:01 B C:\Documents and Settings\Matrix\Desktop\dl\lib\world\wld\97.wld --> ftp.spunge.org /home3/mayhem42/dl/lib/world/wld 97.wld
2003.12.27 16:01 B C:\Documents and Settings\Matrix\Desktop\dl\lib\world\wld\index --> ftp.spunge.org /home3/mayhem42/dl/lib/world/wld index
2003.12.27 16:01 B C:\Documents and Settings\Matrix\Desktop\dl\lib\world\wld\index.mini --> ftp.spunge.org /home3/mayhem42/dl/lib/world/wld index.mini
