2003.12.26 23:17 B C:\Documents and Settings\Matrix\Desktop\dl\lib\world\mob\0.mob <-- spunge.com /home3/mayhem42/dl/lib/world/mob 0.mob
2003.12.26 23:17 B C:\Documents and Settings\Matrix\Desktop\dl\lib\world\mob\1.mob <-- spunge.com /home3/mayhem42/dl/lib/world/mob 1.mob
2003.12.26 23:17 B C:\Documents and Settings\Matrix\Desktop\dl\lib\world\mob\101.mob <-- spunge.com /home3/mayhem42/dl/lib/world/mob 101.mob
2003.12.26 23:17 B C:\Documents and Settings\Matrix\Desktop\dl\lib\world\mob\12.mob <-- spunge.com /home3/mayhem42/dl/lib/world/mob 12.mob
2003.12.26 23:17 B C:\Documents and Settings\Matrix\Desktop\dl\lib\world\mob\120.mob <-- spunge.com /home3/mayhem42/dl/lib/world/mob 120.mob
2003.12.26 23:18 B C:\Documents and Settings\Matrix\Desktop\dl\lib\world\mob\141.mob <-- spunge.com /home3/mayhem42/dl/lib/world/mob 141.mob
2003.12.26 23:18 B C:\Documents and Settings\Matrix\Desktop\dl\lib\world\mob\15.mob <-- spunge.com /home3/mayhem42/dl/lib/world/mob 15.mob
2003.12.26 23:18 B C:\Documents and Settings\Matrix\Desktop\dl\lib\world\mob\150.mob <-- spunge.com /home3/mayhem42/dl/lib/world/mob 150.mob
2003.12.26 23:18 B C:\Documents and Settings\Matrix\Desktop\dl\lib\world\mob\170.mob <-- spunge.com /home3/mayhem42/dl/lib/world/mob 170.mob
2003.12.26 23:18 B C:\Documents and Settings\Matrix\Desktop\dl\lib\world\mob\186.mob <-- spunge.com /home3/mayhem42/dl/lib/world/mob 186.mob
2003.12.26 23:18 B C:\Documents and Settings\Matrix\Desktop\dl\lib\world\mob\210.mob <-- spunge.com /home3/mayhem42/dl/lib/world/mob 210.mob
2003.12.26 23:18 B C:\Documents and Settings\Matrix\Desktop\dl\lib\world\mob\220.mob <-- spunge.com /home3/mayhem42/dl/lib/world/mob 220.mob
2003.12.26 23:18 B C:\Documents and Settings\Matrix\Desktop\dl\lib\world\mob\221.mob <-- spunge.com /home3/mayhem42/dl/lib/world/mob 221.mob
2003.12.26 23:18 B C:\Documents and Settings\Matrix\Desktop\dl\lib\world\mob\223.mob <-- spunge.com /home3/mayhem42/dl/lib/world/mob 223.mob
2003.12.26 23:18 B C:\Documents and Settings\Matrix\Desktop\dl\lib\world\mob\224.mob <-- spunge.com /home3/mayhem42/dl/lib/world/mob 224.mob
2003.12.26 23:18 B C:\Documents and Settings\Matrix\Desktop\dl\lib\world\mob\225.mob <-- spunge.com /home3/mayhem42/dl/lib/world/mob 225.mob
2003.12.26 23:18 B C:\Documents and Settings\Matrix\Desktop\dl\lib\world\mob\226.mob <-- spunge.com /home3/mayhem42/dl/lib/world/mob 226.mob
2003.12.26 23:18 B C:\Documents and Settings\Matrix\Desktop\dl\lib\world\mob\25.mob <-- spunge.com /home3/mayhem42/dl/lib/world/mob 25.mob
2003.12.26 23:18 B C:\Documents and Settings\Matrix\Desktop\dl\lib\world\mob\296.mob <-- spunge.com /home3/mayhem42/dl/lib/world/mob 296.mob
2003.12.26 23:18 B C:\Documents and Settings\Matrix\Desktop\dl\lib\world\mob\30.mob <-- spunge.com /home3/mayhem42/dl/lib/world/mob 30.mob
2003.12.26 23:18 B C:\Documents and Settings\Matrix\Desktop\dl\lib\world\mob\31.mob <-- spunge.com /home3/mayhem42/dl/lib/world/mob 31.mob
2003.12.26 23:18 B C:\Documents and Settings\Matrix\Desktop\dl\lib\world\mob\32.mob <-- spunge.com /home3/mayhem42/dl/lib/world/mob 32.mob
2003.12.26 23:18 B C:\Documents and Settings\Matrix\Desktop\dl\lib\world\mob\33.mob <-- spunge.com /home3/mayhem42/dl/lib/world/mob 33.mob
2003.12.26 23:18 B C:\Documents and Settings\Matrix\Desktop\dl\lib\world\mob\35.mob <-- spunge.com /home3/mayhem42/dl/lib/world/mob 35.mob
2003.12.26 23:18 B C:\Documents and Settings\Matrix\Desktop\dl\lib\world\mob\36.mob <-- spunge.com /home3/mayhem42/dl/lib/world/mob 36.mob
2003.12.26 23:18 B C:\Documents and Settings\Matrix\Desktop\dl\lib\world\mob\40.mob <-- spunge.com /home3/mayhem42/dl/lib/world/mob 40.mob
2003.12.26 23:18 B C:\Documents and Settings\Matrix\Desktop\dl\lib\world\mob\50.mob <-- spunge.com /home3/mayhem42/dl/lib/world/mob 50.mob
2003.12.26 23:18 B C:\Documents and Settings\Matrix\Desktop\dl\lib\world\mob\51.mob <-- spunge.com /home3/mayhem42/dl/lib/world/mob 51.mob
2003.12.26 23:18 B C:\Documents and Settings\Matrix\Desktop\dl\lib\world\mob\52.mob <-- spunge.com /home3/mayhem42/dl/lib/world/mob 52.mob
2003.12.26 23:18 B C:\Documents and Settings\Matrix\Desktop\dl\lib\world\mob\53.mob <-- spunge.com /home3/mayhem42/dl/lib/world/mob 53.mob
2003.12.26 23:18 B C:\Documents and Settings\Matrix\Desktop\dl\lib\world\mob\54.mob <-- spunge.com /home3/mayhem42/dl/lib/world/mob 54.mob
2003.12.26 23:18 B C:\Documents and Settings\Matrix\Desktop\dl\lib\world\mob\57.mob <-- spunge.com /home3/mayhem42/dl/lib/world/mob 57.mob
2003.12.26 23:19 B C:\Documents and Settings\Matrix\Desktop\dl\lib\world\mob\58.mob <-- spunge.com /home3/mayhem42/dl/lib/world/mob 58.mob
2003.12.26 23:19 B C:\Documents and Settings\Matrix\Desktop\dl\lib\world\mob\59.mob <-- spunge.com /home3/mayhem42/dl/lib/world/mob 59.mob
2003.12.26 23:19 B C:\Documents and Settings\Matrix\Desktop\dl\lib\world\mob\60.mob <-- spunge.com /home3/mayhem42/dl/lib/world/mob 60.mob
2003.12.26 23:19 B C:\Documents and Settings\Matrix\Desktop\dl\lib\world\mob\61.mob <-- spunge.com /home3/mayhem42/dl/lib/world/mob 61.mob
2003.12.26 23:19 B C:\Documents and Settings\Matrix\Desktop\dl\lib\world\mob\62.mob <-- spunge.com /home3/mayhem42/dl/lib/world/mob 62.mob
2003.12.26 23:19 B C:\Documents and Settings\Matrix\Desktop\dl\lib\world\mob\63.mob <-- spunge.com /home3/mayhem42/dl/lib/world/mob 63.mob
2003.12.26 23:19 B C:\Documents and Settings\Matrix\Desktop\dl\lib\world\mob\64.mob <-- spunge.com /home3/mayhem42/dl/lib/world/mob 64.mob
2003.12.26 23:19 B C:\Documents and Settings\Matrix\Desktop\dl\lib\world\mob\65.mob <-- spunge.com /home3/mayhem42/dl/lib/world/mob 65.mob
2003.12.26 23:19 B C:\Documents and Settings\Matrix\Desktop\dl\lib\world\mob\66.mob <-- spunge.com /home3/mayhem42/dl/lib/world/mob 66.mob
2003.12.26 23:19 B C:\Documents and Settings\Matrix\Desktop\dl\lib\world\mob\68.mob <-- spunge.com /home3/mayhem42/dl/lib/world/mob 68.mob
2003.12.26 23:19 B C:\Documents and Settings\Matrix\Desktop\dl\lib\world\mob\70.mob <-- spunge.com /home3/mayhem42/dl/lib/world/mob 70.mob
2003.12.26 23:19 B C:\Documents and Settings\Matrix\Desktop\dl\lib\world\mob\72.mob <-- spunge.com /home3/mayhem42/dl/lib/world/mob 72.mob
2003.12.26 23:19 B C:\Documents and Settings\Matrix\Desktop\dl\lib\world\mob\79.mob <-- spunge.com /home3/mayhem42/dl/lib/world/mob 79.mob
2003.12.26 23:19 B C:\Documents and Settings\Matrix\Desktop\dl\lib\world\mob\9.mob <-- spunge.com /home3/mayhem42/dl/lib/world/mob 9.mob
2003.12.26 23:19 B C:\Documents and Settings\Matrix\Desktop\dl\lib\world\mob\90.mob <-- spunge.com /home3/mayhem42/dl/lib/world/mob 90.mob
2003.12.26 23:19 B C:\Documents and Settings\Matrix\Desktop\dl\lib\world\mob\91.mob <-- spunge.com /home3/mayhem42/dl/lib/world/mob 91.mob
2003.12.26 23:19 B C:\Documents and Settings\Matrix\Desktop\dl\lib\world\mob\92.mob <-- spunge.com /home3/mayhem42/dl/lib/world/mob 92.mob
2003.12.26 23:19 B C:\Documents and Settings\Matrix\Desktop\dl\lib\world\mob\95.mob <-- spunge.com /home3/mayhem42/dl/lib/world/mob 95.mob
2003.12.26 23:19 B C:\Documents and Settings\Matrix\Desktop\dl\lib\world\mob\96.mob <-- spunge.com /home3/mayhem42/dl/lib/world/mob 96.mob
2003.12.26 23:19 B C:\Documents and Settings\Matrix\Desktop\dl\lib\world\mob\97.mob <-- spunge.com /home3/mayhem42/dl/lib/world/mob 97.mob
2003.12.26 23:19 B C:\Documents and Settings\Matrix\Desktop\dl\lib\world\mob\index <-- spunge.com /home3/mayhem42/dl/lib/world/mob index
2003.12.26 23:19 B C:\Documents and Settings\Matrix\Desktop\dl\lib\world\mob\index.mini <-- spunge.com /home3/mayhem42/dl/lib/world/mob index.mini
2003.12.27 00:03 B C:\Documents and Settings\Matrix\Desktop\dl\lib\world\mob\0.mob --> ftp.thefitz.homelinux.net /home/dharkmud/dl/lib/world/mob 0.mob
2003.12.27 00:03 B C:\Documents and Settings\Matrix\Desktop\dl\lib\world\mob\1.mob --> ftp.thefitz.homelinux.net /home/dharkmud/dl/lib/world/mob 1.mob
2003.12.27 00:03 B C:\Documents and Settings\Matrix\Desktop\dl\lib\world\mob\101.mob --> ftp.thefitz.homelinux.net /home/dharkmud/dl/lib/world/mob 101.mob
2003.12.27 00:03 B C:\Documents and Settings\Matrix\Desktop\dl\lib\world\mob\12.mob --> ftp.thefitz.homelinux.net /home/dharkmud/dl/lib/world/mob 12.mob
2003.12.27 00:03 B C:\Documents and Settings\Matrix\Desktop\dl\lib\world\mob\120.mob --> ftp.thefitz.homelinux.net /home/dharkmud/dl/lib/world/mob 120.mob
2003.12.27 00:03 B C:\Documents and Settings\Matrix\Desktop\dl\lib\world\mob\141.mob --> ftp.thefitz.homelinux.net /home/dharkmud/dl/lib/world/mob 141.mob
2003.12.27 00:04 B C:\Documents and Settings\Matrix\Desktop\dl\lib\world\mob\15.mob --> ftp.thefitz.homelinux.net /home/dharkmud/dl/lib/world/mob 15.mob
2003.12.27 00:04 B C:\Documents and Settings\Matrix\Desktop\dl\lib\world\mob\150.mob --> ftp.thefitz.homelinux.net /home/dharkmud/dl/lib/world/mob 150.mob
2003.12.27 00:04 B C:\Documents and Settings\Matrix\Desktop\dl\lib\world\mob\170.mob --> ftp.thefitz.homelinux.net /home/dharkmud/dl/lib/world/mob 170.mob
2003.12.27 00:04 B C:\Documents and Settings\Matrix\Desktop\dl\lib\world\mob\186.mob --> ftp.thefitz.homelinux.net /home/dharkmud/dl/lib/world/mob 186.mob
2003.12.27 00:04 B C:\Documents and Settings\Matrix\Desktop\dl\lib\world\mob\210.mob --> ftp.thefitz.homelinux.net /home/dharkmud/dl/lib/world/mob 210.mob
2003.12.27 00:04 B C:\Documents and Settings\Matrix\Desktop\dl\lib\world\mob\220.mob --> ftp.thefitz.homelinux.net /home/dharkmud/dl/lib/world/mob 220.mob
2003.12.27 00:04 B C:\Documents and Settings\Matrix\Desktop\dl\lib\world\mob\221.mob --> ftp.thefitz.homelinux.net /home/dharkmud/dl/lib/world/mob 221.mob
2003.12.27 00:04 B C:\Documents and Settings\Matrix\Desktop\dl\lib\world\mob\223.mob --> ftp.thefitz.homelinux.net /home/dharkmud/dl/lib/world/mob 223.mob
2003.12.27 00:04 B C:\Documents and Settings\Matrix\Desktop\dl\lib\world\mob\224.mob --> ftp.thefitz.homelinux.net /home/dharkmud/dl/lib/world/mob 224.mob
2003.12.27 00:04 B C:\Documents and Settings\Matrix\Desktop\dl\lib\world\mob\225.mob --> ftp.thefitz.homelinux.net /home/dharkmud/dl/lib/world/mob 225.mob
2003.12.27 00:04 B C:\Documents and Settings\Matrix\Desktop\dl\lib\world\mob\226.mob --> ftp.thefitz.homelinux.net /home/dharkmud/dl/lib/world/mob 226.mob
2003.12.27 00:04 B C:\Documents and Settings\Matrix\Desktop\dl\lib\world\mob\25.mob --> ftp.thefitz.homelinux.net /home/dharkmud/dl/lib/world/mob 25.mob
2003.12.27 00:04 B C:\Documents and Settings\Matrix\Desktop\dl\lib\world\mob\296.mob --> ftp.thefitz.homelinux.net /home/dharkmud/dl/lib/world/mob 296.mob
2003.12.27 00:10 B C:\Documents and Settings\Matrix\Desktop\dl\lib\world\mob\30.mob --> ftp.thefitz.homelinux.net /home/dharkmud/dl/lib/world/mob 30.mob
2003.12.27 00:10 B C:\Documents and Settings\Matrix\Desktop\dl\lib\world\mob\31.mob --> ftp.thefitz.homelinux.net /home/dharkmud/dl/lib/world/mob 31.mob
2003.12.27 00:10 B C:\Documents and Settings\Matrix\Desktop\dl\lib\world\mob\32.mob --> ftp.thefitz.homelinux.net /home/dharkmud/dl/lib/world/mob 32.mob
2003.12.27 00:10 B C:\Documents and Settings\Matrix\Desktop\dl\lib\world\mob\33.mob --> ftp.thefitz.homelinux.net /home/dharkmud/dl/lib/world/mob 33.mob
2003.12.27 00:10 B C:\Documents and Settings\Matrix\Desktop\dl\lib\world\mob\35.mob --> ftp.thefitz.homelinux.net /home/dharkmud/dl/lib/world/mob 35.mob
2003.12.27 00:10 B C:\Documents and Settings\Matrix\Desktop\dl\lib\world\mob\36.mob --> ftp.thefitz.homelinux.net /home/dharkmud/dl/lib/world/mob 36.mob
2003.12.27 00:15 B C:\Documents and Settings\Matrix\Desktop\dl\lib\world\mob\40.mob --> ftp.thefitz.homelinux.net /home/dharkmud/dl/lib/world/mob 40.mob
2003.12.27 00:15 B C:\Documents and Settings\Matrix\Desktop\dl\lib\world\mob\50.mob --> ftp.thefitz.homelinux.net /home/dharkmud/dl/lib/world/mob 50.mob
2003.12.27 00:15 B C:\Documents and Settings\Matrix\Desktop\dl\lib\world\mob\51.mob --> ftp.thefitz.homelinux.net /home/dharkmud/dl/lib/world/mob 51.mob
2003.12.27 00:15 B C:\Documents and Settings\Matrix\Desktop\dl\lib\world\mob\52.mob --> ftp.thefitz.homelinux.net /home/dharkmud/dl/lib/world/mob 52.mob
2003.12.27 00:15 B C:\Documents and Settings\Matrix\Desktop\dl\lib\world\mob\53.mob --> ftp.thefitz.homelinux.net /home/dharkmud/dl/lib/world/mob 53.mob
2003.12.27 00:15 B C:\Documents and Settings\Matrix\Desktop\dl\lib\world\mob\54.mob --> ftp.thefitz.homelinux.net /home/dharkmud/dl/lib/world/mob 54.mob
2003.12.27 00:15 B C:\Documents and Settings\Matrix\Desktop\dl\lib\world\mob\57.mob --> ftp.thefitz.homelinux.net /home/dharkmud/dl/lib/world/mob 57.mob
2003.12.27 00:15 B C:\Documents and Settings\Matrix\Desktop\dl\lib\world\mob\58.mob --> ftp.thefitz.homelinux.net /home/dharkmud/dl/lib/world/mob 58.mob
2003.12.27 00:15 B C:\Documents and Settings\Matrix\Desktop\dl\lib\world\mob\59.mob --> ftp.thefitz.homelinux.net /home/dharkmud/dl/lib/world/mob 59.mob
2003.12.27 00:15 B C:\Documents and Settings\Matrix\Desktop\dl\lib\world\mob\60.mob --> ftp.thefitz.homelinux.net /home/dharkmud/dl/lib/world/mob 60.mob
2003.12.27 00:15 B C:\Documents and Settings\Matrix\Desktop\dl\lib\world\mob\61.mob --> ftp.thefitz.homelinux.net /home/dharkmud/dl/lib/world/mob 61.mob
2003.12.27 00:15 B C:\Documents and Settings\Matrix\Desktop\dl\lib\world\mob\62.mob --> ftp.thefitz.homelinux.net /home/dharkmud/dl/lib/world/mob 62.mob
2003.12.27 00:15 B C:\Documents and Settings\Matrix\Desktop\dl\lib\world\mob\63.mob --> ftp.thefitz.homelinux.net /home/dharkmud/dl/lib/world/mob 63.mob
2003.12.27 00:15 B C:\Documents and Settings\Matrix\Desktop\dl\lib\world\mob\64.mob --> ftp.thefitz.homelinux.net /home/dharkmud/dl/lib/world/mob 64.mob
2003.12.27 00:15 B C:\Documents and Settings\Matrix\Desktop\dl\lib\world\mob\65.mob --> ftp.thefitz.homelinux.net /home/dharkmud/dl/lib/world/mob 65.mob
2003.12.27 00:16 B C:\Documents and Settings\Matrix\Desktop\dl\lib\world\mob\66.mob --> ftp.thefitz.homelinux.net /home/dharkmud/dl/lib/world/mob 66.mob
2003.12.27 00:16 B C:\Documents and Settings\Matrix\Desktop\dl\lib\world\mob\68.mob --> ftp.thefitz.homelinux.net /home/dharkmud/dl/lib/world/mob 68.mob
2003.12.27 00:16 B C:\Documents and Settings\Matrix\Desktop\dl\lib\world\mob\70.mob --> ftp.thefitz.homelinux.net /home/dharkmud/dl/lib/world/mob 70.mob
2003.12.27 00:16 B C:\Documents and Settings\Matrix\Desktop\dl\lib\world\mob\72.mob --> ftp.thefitz.homelinux.net /home/dharkmud/dl/lib/world/mob 72.mob
2003.12.27 00:16 B C:\Documents and Settings\Matrix\Desktop\dl\lib\world\mob\79.mob --> ftp.thefitz.homelinux.net /home/dharkmud/dl/lib/world/mob 79.mob
2003.12.27 00:16 B C:\Documents and Settings\Matrix\Desktop\dl\lib\world\mob\9.mob --> ftp.thefitz.homelinux.net /home/dharkmud/dl/lib/world/mob 9.mob
2003.12.27 00:16 B C:\Documents and Settings\Matrix\Desktop\dl\lib\world\mob\90.mob --> ftp.thefitz.homelinux.net /home/dharkmud/dl/lib/world/mob 90.mob
2003.12.27 00:16 B C:\Documents and Settings\Matrix\Desktop\dl\lib\world\mob\91.mob --> ftp.thefitz.homelinux.net /home/dharkmud/dl/lib/world/mob 91.mob
2003.12.27 00:16 B C:\Documents and Settings\Matrix\Desktop\dl\lib\world\mob\92.mob --> ftp.thefitz.homelinux.net /home/dharkmud/dl/lib/world/mob 92.mob
2003.12.27 00:16 B C:\Documents and Settings\Matrix\Desktop\dl\lib\world\mob\95.mob --> ftp.thefitz.homelinux.net /home/dharkmud/dl/lib/world/mob 95.mob
2003.12.27 00:16 B C:\Documents and Settings\Matrix\Desktop\dl\lib\world\mob\96.mob --> ftp.thefitz.homelinux.net /home/dharkmud/dl/lib/world/mob 96.mob
2003.12.27 00:16 B C:\Documents and Settings\Matrix\Desktop\dl\lib\world\mob\97.mob --> ftp.thefitz.homelinux.net /home/dharkmud/dl/lib/world/mob 97.mob
2003.12.27 00:16 B C:\Documents and Settings\Matrix\Desktop\dl\lib\world\mob\index --> ftp.thefitz.homelinux.net /home/dharkmud/dl/lib/world/mob index
2003.12.27 00:16 B C:\Documents and Settings\Matrix\Desktop\dl\lib\world\mob\index.mini --> ftp.thefitz.homelinux.net /home/dharkmud/dl/lib/world/mob index.mini
2003.12.27 00:16 B C:\Documents and Settings\Matrix\Desktop\dl\lib\world\mob\WS_FTP.LOG --> ftp.thefitz.homelinux.net /home/dharkmud/dl/lib/world/mob WS_FTP.LOG
2003.12.27 15:50 B C:\Documents and Settings\Matrix\Desktop\dl\lib\world\mob\0.mob --> ftp.spunge.org /home3/mayhem42/dl/lib/world/mob 0.mob
2003.12.27 15:50 B C:\Documents and Settings\Matrix\Desktop\dl\lib\world\mob\1.mob --> ftp.spunge.org /home3/mayhem42/dl/lib/world/mob 1.mob
2003.12.27 15:50 B C:\Documents and Settings\Matrix\Desktop\dl\lib\world\mob\101.mob --> ftp.spunge.org /home3/mayhem42/dl/lib/world/mob 101.mob
2003.12.27 15:50 B C:\Documents and Settings\Matrix\Desktop\dl\lib\world\mob\12.mob --> ftp.spunge.org /home3/mayhem42/dl/lib/world/mob 12.mob
2003.12.27 15:50 B C:\Documents and Settings\Matrix\Desktop\dl\lib\world\mob\120.mob --> ftp.spunge.org /home3/mayhem42/dl/lib/world/mob 120.mob
2003.12.27 15:50 B C:\Documents and Settings\Matrix\Desktop\dl\lib\world\mob\141.mob --> ftp.spunge.org /home3/mayhem42/dl/lib/world/mob 141.mob
2003.12.27 15:50 B C:\Documents and Settings\Matrix\Desktop\dl\lib\world\mob\15.mob --> ftp.spunge.org /home3/mayhem42/dl/lib/world/mob 15.mob
2003.12.27 15:50 B C:\Documents and Settings\Matrix\Desktop\dl\lib\world\mob\150.mob --> ftp.spunge.org /home3/mayhem42/dl/lib/world/mob 150.mob
2003.12.27 15:50 B C:\Documents and Settings\Matrix\Desktop\dl\lib\world\mob\170.mob --> ftp.spunge.org /home3/mayhem42/dl/lib/world/mob 170.mob
2003.12.27 15:50 B C:\Documents and Settings\Matrix\Desktop\dl\lib\world\mob\186.mob --> ftp.spunge.org /home3/mayhem42/dl/lib/world/mob 186.mob
2003.12.27 15:50 B C:\Documents and Settings\Matrix\Desktop\dl\lib\world\mob\210.mob --> ftp.spunge.org /home3/mayhem42/dl/lib/world/mob 210.mob
2003.12.27 15:50 B C:\Documents and Settings\Matrix\Desktop\dl\lib\world\mob\220.mob --> ftp.spunge.org /home3/mayhem42/dl/lib/world/mob 220.mob
2003.12.27 15:50 B C:\Documents and Settings\Matrix\Desktop\dl\lib\world\mob\221.mob --> ftp.spunge.org /home3/mayhem42/dl/lib/world/mob 221.mob
2003.12.27 15:50 B C:\Documents and Settings\Matrix\Desktop\dl\lib\world\mob\223.mob --> ftp.spunge.org /home3/mayhem42/dl/lib/world/mob 223.mob
2003.12.27 15:50 B C:\Documents and Settings\Matrix\Desktop\dl\lib\world\mob\224.mob --> ftp.spunge.org /home3/mayhem42/dl/lib/world/mob 224.mob
2003.12.27 15:51 B C:\Documents and Settings\Matrix\Desktop\dl\lib\world\mob\225.mob --> ftp.spunge.org /home3/mayhem42/dl/lib/world/mob 225.mob
2003.12.27 15:51 B C:\Documents and Settings\Matrix\Desktop\dl\lib\world\mob\226.mob --> ftp.spunge.org /home3/mayhem42/dl/lib/world/mob 226.mob
2003.12.27 15:51 B C:\Documents and Settings\Matrix\Desktop\dl\lib\world\mob\25.mob --> ftp.spunge.org /home3/mayhem42/dl/lib/world/mob 25.mob
2003.12.27 15:51 B C:\Documents and Settings\Matrix\Desktop\dl\lib\world\mob\296.mob --> ftp.spunge.org /home3/mayhem42/dl/lib/world/mob 296.mob
2003.12.27 15:51 B C:\Documents and Settings\Matrix\Desktop\dl\lib\world\mob\30.mob --> ftp.spunge.org /home3/mayhem42/dl/lib/world/mob 30.mob
2003.12.27 15:51 B C:\Documents and Settings\Matrix\Desktop\dl\lib\world\mob\31.mob --> ftp.spunge.org /home3/mayhem42/dl/lib/world/mob 31.mob
2003.12.27 15:51 B C:\Documents and Settings\Matrix\Desktop\dl\lib\world\mob\32.mob --> ftp.spunge.org /home3/mayhem42/dl/lib/world/mob 32.mob
2003.12.27 15:51 B C:\Documents and Settings\Matrix\Desktop\dl\lib\world\mob\33.mob --> ftp.spunge.org /home3/mayhem42/dl/lib/world/mob 33.mob
2003.12.27 15:51 B C:\Documents and Settings\Matrix\Desktop\dl\lib\world\mob\35.mob --> ftp.spunge.org /home3/mayhem42/dl/lib/world/mob 35.mob
2003.12.27 15:51 B C:\Documents and Settings\Matrix\Desktop\dl\lib\world\mob\36.mob --> ftp.spunge.org /home3/mayhem42/dl/lib/world/mob 36.mob
2003.12.27 15:51 B C:\Documents and Settings\Matrix\Desktop\dl\lib\world\mob\40.mob --> ftp.spunge.org /home3/mayhem42/dl/lib/world/mob 40.mob
2003.12.27 15:51 B C:\Documents and Settings\Matrix\Desktop\dl\lib\world\mob\50.mob --> ftp.spunge.org /home3/mayhem42/dl/lib/world/mob 50.mob
2003.12.27 15:51 B C:\Documents and Settings\Matrix\Desktop\dl\lib\world\mob\51.mob --> ftp.spunge.org /home3/mayhem42/dl/lib/world/mob 51.mob
2003.12.27 15:51 B C:\Documents and Settings\Matrix\Desktop\dl\lib\world\mob\52.mob --> ftp.spunge.org /home3/mayhem42/dl/lib/world/mob 52.mob
2003.12.27 15:51 B C:\Documents and Settings\Matrix\Desktop\dl\lib\world\mob\53.mob --> ftp.spunge.org /home3/mayhem42/dl/lib/world/mob 53.mob
2003.12.27 15:51 B C:\Documents and Settings\Matrix\Desktop\dl\lib\world\mob\54.mob --> ftp.spunge.org /home3/mayhem42/dl/lib/world/mob 54.mob
2003.12.27 15:51 B C:\Documents and Settings\Matrix\Desktop\dl\lib\world\mob\57.mob --> ftp.spunge.org /home3/mayhem42/dl/lib/world/mob 57.mob
2003.12.27 15:51 B C:\Documents and Settings\Matrix\Desktop\dl\lib\world\mob\58.mob --> ftp.spunge.org /home3/mayhem42/dl/lib/world/mob 58.mob
2003.12.27 15:51 B C:\Documents and Settings\Matrix\Desktop\dl\lib\world\mob\59.mob --> ftp.spunge.org /home3/mayhem42/dl/lib/world/mob 59.mob
2003.12.27 15:51 B C:\Documents and Settings\Matrix\Desktop\dl\lib\world\mob\60.mob --> ftp.spunge.org /home3/mayhem42/dl/lib/world/mob 60.mob
2003.12.27 15:51 B C:\Documents and Settings\Matrix\Desktop\dl\lib\world\mob\61.mob --> ftp.spunge.org /home3/mayhem42/dl/lib/world/mob 61.mob
2003.12.27 15:51 B C:\Documents and Settings\Matrix\Desktop\dl\lib\world\mob\62.mob --> ftp.spunge.org /home3/mayhem42/dl/lib/world/mob 62.mob
2003.12.27 15:51 B C:\Documents and Settings\Matrix\Desktop\dl\lib\world\mob\63.mob --> ftp.spunge.org /home3/mayhem42/dl/lib/world/mob 63.mob
2003.12.27 15:51 B C:\Documents and Settings\Matrix\Desktop\dl\lib\world\mob\64.mob --> ftp.spunge.org /home3/mayhem42/dl/lib/world/mob 64.mob
2003.12.27 15:51 B C:\Documents and Settings\Matrix\Desktop\dl\lib\world\mob\65.mob --> ftp.spunge.org /home3/mayhem42/dl/lib/world/mob 65.mob
2003.12.27 15:52 B C:\Documents and Settings\Matrix\Desktop\dl\lib\world\mob\66.mob --> ftp.spunge.org /home3/mayhem42/dl/lib/world/mob 66.mob
2003.12.27 15:52 B C:\Documents and Settings\Matrix\Desktop\dl\lib\world\mob\68.mob --> ftp.spunge.org /home3/mayhem42/dl/lib/world/mob 68.mob
2003.12.27 15:52 B C:\Documents and Settings\Matrix\Desktop\dl\lib\world\mob\70.mob --> ftp.spunge.org /home3/mayhem42/dl/lib/world/mob 70.mob
2003.12.27 15:52 B C:\Documents and Settings\Matrix\Desktop\dl\lib\world\mob\72.mob --> ftp.spunge.org /home3/mayhem42/dl/lib/world/mob 72.mob
2003.12.27 15:52 B C:\Documents and Settings\Matrix\Desktop\dl\lib\world\mob\79.mob --> ftp.spunge.org /home3/mayhem42/dl/lib/world/mob 79.mob
2003.12.27 15:52 B C:\Documents and Settings\Matrix\Desktop\dl\lib\world\mob\9.mob --> ftp.spunge.org /home3/mayhem42/dl/lib/world/mob 9.mob
2003.12.27 15:52 B C:\Documents and Settings\Matrix\Desktop\dl\lib\world\mob\90.mob --> ftp.spunge.org /home3/mayhem42/dl/lib/world/mob 90.mob
2003.12.27 15:52 B C:\Documents and Settings\Matrix\Desktop\dl\lib\world\mob\91.mob --> ftp.spunge.org /home3/mayhem42/dl/lib/world/mob 91.mob
2003.12.27 15:52 B C:\Documents and Settings\Matrix\Desktop\dl\lib\world\mob\92.mob --> ftp.spunge.org /home3/mayhem42/dl/lib/world/mob 92.mob
2003.12.27 15:52 B C:\Documents and Settings\Matrix\Desktop\dl\lib\world\mob\95.mob --> ftp.spunge.org /home3/mayhem42/dl/lib/world/mob 95.mob
2003.12.27 15:52 B C:\Documents and Settings\Matrix\Desktop\dl\lib\world\mob\96.mob --> ftp.spunge.org /home3/mayhem42/dl/lib/world/mob 96.mob
2003.12.27 15:52 B C:\Documents and Settings\Matrix\Desktop\dl\lib\world\mob\97.mob --> ftp.spunge.org /home3/mayhem42/dl/lib/world/mob 97.mob
2003.12.27 15:52 B C:\Documents and Settings\Matrix\Desktop\dl\lib\world\mob\index --> ftp.spunge.org /home3/mayhem42/dl/lib/world/mob index
2003.12.27 15:52 B C:\Documents and Settings\Matrix\Desktop\dl\lib\world\mob\index.mini --> ftp.spunge.org /home3/mayhem42/dl/lib/world/mob index.mini
