2003.12.26 23:19 B C:\Documents and Settings\Matrix\Desktop\dl\lib\world\obj\0.obj <-- spunge.com /home3/mayhem42/dl/lib/world/obj 0.obj
2003.12.26 23:19 B C:\Documents and Settings\Matrix\Desktop\dl\lib\world\obj\1.obj <-- spunge.com /home3/mayhem42/dl/lib/world/obj 1.obj
2003.12.26 23:19 B C:\Documents and Settings\Matrix\Desktop\dl\lib\world\obj\101.obj <-- spunge.com /home3/mayhem42/dl/lib/world/obj 101.obj
2003.12.26 23:19 B C:\Documents and Settings\Matrix\Desktop\dl\lib\world\obj\120.obj <-- spunge.com /home3/mayhem42/dl/lib/world/obj 120.obj
2003.12.26 23:19 B C:\Documents and Settings\Matrix\Desktop\dl\lib\world\obj\141.obj <-- spunge.com /home3/mayhem42/dl/lib/world/obj 141.obj
2003.12.26 23:19 B C:\Documents and Settings\Matrix\Desktop\dl\lib\world\obj\15.obj <-- spunge.com /home3/mayhem42/dl/lib/world/obj 15.obj
2003.12.26 23:19 B C:\Documents and Settings\Matrix\Desktop\dl\lib\world\obj\150.obj <-- spunge.com /home3/mayhem42/dl/lib/world/obj 150.obj
2003.12.26 23:19 B C:\Documents and Settings\Matrix\Desktop\dl\lib\world\obj\170.obj <-- spunge.com /home3/mayhem42/dl/lib/world/obj 170.obj
2003.12.26 23:19 B C:\Documents and Settings\Matrix\Desktop\dl\lib\world\obj\186.obj <-- spunge.com /home3/mayhem42/dl/lib/world/obj 186.obj
2003.12.26 23:20 B C:\Documents and Settings\Matrix\Desktop\dl\lib\world\obj\210.obj <-- spunge.com /home3/mayhem42/dl/lib/world/obj 210.obj
2003.12.26 23:20 B C:\Documents and Settings\Matrix\Desktop\dl\lib\world\obj\220.obj <-- spunge.com /home3/mayhem42/dl/lib/world/obj 220.obj
2003.12.26 23:20 B C:\Documents and Settings\Matrix\Desktop\dl\lib\world\obj\221.obj <-- spunge.com /home3/mayhem42/dl/lib/world/obj 221.obj
2003.12.26 23:20 B C:\Documents and Settings\Matrix\Desktop\dl\lib\world\obj\223.obj <-- spunge.com /home3/mayhem42/dl/lib/world/obj 223.obj
2003.12.26 23:20 B C:\Documents and Settings\Matrix\Desktop\dl\lib\world\obj\224.obj <-- spunge.com /home3/mayhem42/dl/lib/world/obj 224.obj
2003.12.26 23:20 B C:\Documents and Settings\Matrix\Desktop\dl\lib\world\obj\225.obj <-- spunge.com /home3/mayhem42/dl/lib/world/obj 225.obj
2003.12.26 23:20 B C:\Documents and Settings\Matrix\Desktop\dl\lib\world\obj\226.obj <-- spunge.com /home3/mayhem42/dl/lib/world/obj 226.obj
2003.12.26 23:20 B C:\Documents and Settings\Matrix\Desktop\dl\lib\world\obj\25.obj <-- spunge.com /home3/mayhem42/dl/lib/world/obj 25.obj
2003.12.26 23:20 B C:\Documents and Settings\Matrix\Desktop\dl\lib\world\obj\296.obj <-- spunge.com /home3/mayhem42/dl/lib/world/obj 296.obj
2003.12.26 23:20 B C:\Documents and Settings\Matrix\Desktop\dl\lib\world\obj\30.obj <-- spunge.com /home3/mayhem42/dl/lib/world/obj 30.obj
2003.12.26 23:20 B C:\Documents and Settings\Matrix\Desktop\dl\lib\world\obj\31.obj <-- spunge.com /home3/mayhem42/dl/lib/world/obj 31.obj
2003.12.26 23:20 B C:\Documents and Settings\Matrix\Desktop\dl\lib\world\obj\32.obj <-- spunge.com /home3/mayhem42/dl/lib/world/obj 32.obj
2003.12.26 23:20 B C:\Documents and Settings\Matrix\Desktop\dl\lib\world\obj\33.obj <-- spunge.com /home3/mayhem42/dl/lib/world/obj 33.obj
2003.12.26 23:20 B C:\Documents and Settings\Matrix\Desktop\dl\lib\world\obj\35.obj <-- spunge.com /home3/mayhem42/dl/lib/world/obj 35.obj
2003.12.26 23:20 B C:\Documents and Settings\Matrix\Desktop\dl\lib\world\obj\36.obj <-- spunge.com /home3/mayhem42/dl/lib/world/obj 36.obj
2003.12.26 23:20 B C:\Documents and Settings\Matrix\Desktop\dl\lib\world\obj\40.obj <-- spunge.com /home3/mayhem42/dl/lib/world/obj 40.obj
2003.12.26 23:20 B C:\Documents and Settings\Matrix\Desktop\dl\lib\world\obj\50.obj <-- spunge.com /home3/mayhem42/dl/lib/world/obj 50.obj
2003.12.26 23:20 B C:\Documents and Settings\Matrix\Desktop\dl\lib\world\obj\51.obj <-- spunge.com /home3/mayhem42/dl/lib/world/obj 51.obj
2003.12.26 23:20 B C:\Documents and Settings\Matrix\Desktop\dl\lib\world\obj\52.obj <-- spunge.com /home3/mayhem42/dl/lib/world/obj 52.obj
2003.12.26 23:20 B C:\Documents and Settings\Matrix\Desktop\dl\lib\world\obj\53.obj <-- spunge.com /home3/mayhem42/dl/lib/world/obj 53.obj
2003.12.26 23:20 B C:\Documents and Settings\Matrix\Desktop\dl\lib\world\obj\54.obj <-- spunge.com /home3/mayhem42/dl/lib/world/obj 54.obj
2003.12.26 23:20 B C:\Documents and Settings\Matrix\Desktop\dl\lib\world\obj\57.obj <-- spunge.com /home3/mayhem42/dl/lib/world/obj 57.obj
2003.12.26 23:20 B C:\Documents and Settings\Matrix\Desktop\dl\lib\world\obj\58.obj <-- spunge.com /home3/mayhem42/dl/lib/world/obj 58.obj
2003.12.26 23:20 B C:\Documents and Settings\Matrix\Desktop\dl\lib\world\obj\59.obj <-- spunge.com /home3/mayhem42/dl/lib/world/obj 59.obj
2003.12.26 23:20 B C:\Documents and Settings\Matrix\Desktop\dl\lib\world\obj\60.obj <-- spunge.com /home3/mayhem42/dl/lib/world/obj 60.obj
2003.12.26 23:20 B C:\Documents and Settings\Matrix\Desktop\dl\lib\world\obj\61.obj <-- spunge.com /home3/mayhem42/dl/lib/world/obj 61.obj
2003.12.26 23:20 B C:\Documents and Settings\Matrix\Desktop\dl\lib\world\obj\62.obj <-- spunge.com /home3/mayhem42/dl/lib/world/obj 62.obj
2003.12.26 23:20 B C:\Documents and Settings\Matrix\Desktop\dl\lib\world\obj\63.obj <-- spunge.com /home3/mayhem42/dl/lib/world/obj 63.obj
2003.12.26 23:20 B C:\Documents and Settings\Matrix\Desktop\dl\lib\world\obj\64.obj <-- spunge.com /home3/mayhem42/dl/lib/world/obj 64.obj
2003.12.26 23:20 B C:\Documents and Settings\Matrix\Desktop\dl\lib\world\obj\65.obj <-- spunge.com /home3/mayhem42/dl/lib/world/obj 65.obj
2003.12.26 23:21 B C:\Documents and Settings\Matrix\Desktop\dl\lib\world\obj\66.obj <-- spunge.com /home3/mayhem42/dl/lib/world/obj 66.obj
2003.12.26 23:21 B C:\Documents and Settings\Matrix\Desktop\dl\lib\world\obj\68.obj <-- spunge.com /home3/mayhem42/dl/lib/world/obj 68.obj
2003.12.26 23:21 B C:\Documents and Settings\Matrix\Desktop\dl\lib\world\obj\71.obj <-- spunge.com /home3/mayhem42/dl/lib/world/obj 71.obj
2003.12.26 23:21 B C:\Documents and Settings\Matrix\Desktop\dl\lib\world\obj\72.obj <-- spunge.com /home3/mayhem42/dl/lib/world/obj 72.obj
2003.12.26 23:21 B C:\Documents and Settings\Matrix\Desktop\dl\lib\world\obj\79.obj <-- spunge.com /home3/mayhem42/dl/lib/world/obj 79.obj
2003.12.26 23:21 B C:\Documents and Settings\Matrix\Desktop\dl\lib\world\obj\9.obj <-- spunge.com /home3/mayhem42/dl/lib/world/obj 9.obj
2003.12.26 23:21 B C:\Documents and Settings\Matrix\Desktop\dl\lib\world\obj\90.obj <-- spunge.com /home3/mayhem42/dl/lib/world/obj 90.obj
2003.12.26 23:21 B C:\Documents and Settings\Matrix\Desktop\dl\lib\world\obj\91.obj <-- spunge.com /home3/mayhem42/dl/lib/world/obj 91.obj
2003.12.26 23:21 B C:\Documents and Settings\Matrix\Desktop\dl\lib\world\obj\92.obj <-- spunge.com /home3/mayhem42/dl/lib/world/obj 92.obj
2003.12.26 23:21 B C:\Documents and Settings\Matrix\Desktop\dl\lib\world\obj\95.obj <-- spunge.com /home3/mayhem42/dl/lib/world/obj 95.obj
2003.12.26 23:21 B C:\Documents and Settings\Matrix\Desktop\dl\lib\world\obj\96.obj <-- spunge.com /home3/mayhem42/dl/lib/world/obj 96.obj
2003.12.26 23:21 B C:\Documents and Settings\Matrix\Desktop\dl\lib\world\obj\97.obj <-- spunge.com /home3/mayhem42/dl/lib/world/obj 97.obj
2003.12.26 23:21 B C:\Documents and Settings\Matrix\Desktop\dl\lib\world\obj\index <-- spunge.com /home3/mayhem42/dl/lib/world/obj index
2003.12.26 23:21 B C:\Documents and Settings\Matrix\Desktop\dl\lib\world\obj\index.mini <-- spunge.com /home3/mayhem42/dl/lib/world/obj index.mini
2003.12.27 00:16 B C:\Documents and Settings\Matrix\Desktop\dl\lib\world\obj\0.obj --> ftp.thefitz.homelinux.net /home/dharkmud/dl/lib/world/obj 0.obj
2003.12.27 00:16 B C:\Documents and Settings\Matrix\Desktop\dl\lib\world\obj\1.obj --> ftp.thefitz.homelinux.net /home/dharkmud/dl/lib/world/obj 1.obj
2003.12.27 00:16 B C:\Documents and Settings\Matrix\Desktop\dl\lib\world\obj\101.obj --> ftp.thefitz.homelinux.net /home/dharkmud/dl/lib/world/obj 101.obj
2003.12.27 00:16 B C:\Documents and Settings\Matrix\Desktop\dl\lib\world\obj\120.obj --> ftp.thefitz.homelinux.net /home/dharkmud/dl/lib/world/obj 120.obj
2003.12.27 00:16 B C:\Documents and Settings\Matrix\Desktop\dl\lib\world\obj\141.obj --> ftp.thefitz.homelinux.net /home/dharkmud/dl/lib/world/obj 141.obj
2003.12.27 00:16 B C:\Documents and Settings\Matrix\Desktop\dl\lib\world\obj\15.obj --> ftp.thefitz.homelinux.net /home/dharkmud/dl/lib/world/obj 15.obj
2003.12.27 00:17 B C:\Documents and Settings\Matrix\Desktop\dl\lib\world\obj\150.obj --> ftp.thefitz.homelinux.net /home/dharkmud/dl/lib/world/obj 150.obj
2003.12.27 00:17 B C:\Documents and Settings\Matrix\Desktop\dl\lib\world\obj\170.obj --> ftp.thefitz.homelinux.net /home/dharkmud/dl/lib/world/obj 170.obj
2003.12.27 00:17 B C:\Documents and Settings\Matrix\Desktop\dl\lib\world\obj\186.obj --> ftp.thefitz.homelinux.net /home/dharkmud/dl/lib/world/obj 186.obj
2003.12.27 00:17 B C:\Documents and Settings\Matrix\Desktop\dl\lib\world\obj\210.obj --> ftp.thefitz.homelinux.net /home/dharkmud/dl/lib/world/obj 210.obj
2003.12.27 00:17 B C:\Documents and Settings\Matrix\Desktop\dl\lib\world\obj\220.obj --> ftp.thefitz.homelinux.net /home/dharkmud/dl/lib/world/obj 220.obj
2003.12.27 00:17 B C:\Documents and Settings\Matrix\Desktop\dl\lib\world\obj\221.obj --> ftp.thefitz.homelinux.net /home/dharkmud/dl/lib/world/obj 221.obj
2003.12.27 00:17 B C:\Documents and Settings\Matrix\Desktop\dl\lib\world\obj\223.obj --> ftp.thefitz.homelinux.net /home/dharkmud/dl/lib/world/obj 223.obj
2003.12.27 00:17 B C:\Documents and Settings\Matrix\Desktop\dl\lib\world\obj\224.obj --> ftp.thefitz.homelinux.net /home/dharkmud/dl/lib/world/obj 224.obj
2003.12.27 00:17 B C:\Documents and Settings\Matrix\Desktop\dl\lib\world\obj\225.obj --> ftp.thefitz.homelinux.net /home/dharkmud/dl/lib/world/obj 225.obj
2003.12.27 00:17 B C:\Documents and Settings\Matrix\Desktop\dl\lib\world\obj\226.obj --> ftp.thefitz.homelinux.net /home/dharkmud/dl/lib/world/obj 226.obj
2003.12.27 00:17 B C:\Documents and Settings\Matrix\Desktop\dl\lib\world\obj\25.obj --> ftp.thefitz.homelinux.net /home/dharkmud/dl/lib/world/obj 25.obj
2003.12.27 00:17 B C:\Documents and Settings\Matrix\Desktop\dl\lib\world\obj\296.obj --> ftp.thefitz.homelinux.net /home/dharkmud/dl/lib/world/obj 296.obj
2003.12.27 00:17 B C:\Documents and Settings\Matrix\Desktop\dl\lib\world\obj\30.obj --> ftp.thefitz.homelinux.net /home/dharkmud/dl/lib/world/obj 30.obj
2003.12.27 00:17 B C:\Documents and Settings\Matrix\Desktop\dl\lib\world\obj\31.obj --> ftp.thefitz.homelinux.net /home/dharkmud/dl/lib/world/obj 31.obj
2003.12.27 00:17 B C:\Documents and Settings\Matrix\Desktop\dl\lib\world\obj\32.obj --> ftp.thefitz.homelinux.net /home/dharkmud/dl/lib/world/obj 32.obj
2003.12.27 00:17 B C:\Documents and Settings\Matrix\Desktop\dl\lib\world\obj\33.obj --> ftp.thefitz.homelinux.net /home/dharkmud/dl/lib/world/obj 33.obj
2003.12.27 00:17 B C:\Documents and Settings\Matrix\Desktop\dl\lib\world\obj\35.obj --> ftp.thefitz.homelinux.net /home/dharkmud/dl/lib/world/obj 35.obj
2003.12.27 00:17 B C:\Documents and Settings\Matrix\Desktop\dl\lib\world\obj\36.obj --> ftp.thefitz.homelinux.net /home/dharkmud/dl/lib/world/obj 36.obj
2003.12.27 00:17 B C:\Documents and Settings\Matrix\Desktop\dl\lib\world\obj\40.obj --> ftp.thefitz.homelinux.net /home/dharkmud/dl/lib/world/obj 40.obj
2003.12.27 00:17 B C:\Documents and Settings\Matrix\Desktop\dl\lib\world\obj\50.obj --> ftp.thefitz.homelinux.net /home/dharkmud/dl/lib/world/obj 50.obj
2003.12.27 00:17 B C:\Documents and Settings\Matrix\Desktop\dl\lib\world\obj\51.obj --> ftp.thefitz.homelinux.net /home/dharkmud/dl/lib/world/obj 51.obj
2003.12.27 00:17 B C:\Documents and Settings\Matrix\Desktop\dl\lib\world\obj\52.obj --> ftp.thefitz.homelinux.net /home/dharkmud/dl/lib/world/obj 52.obj
2003.12.27 00:17 B C:\Documents and Settings\Matrix\Desktop\dl\lib\world\obj\53.obj --> ftp.thefitz.homelinux.net /home/dharkmud/dl/lib/world/obj 53.obj
2003.12.27 00:17 B C:\Documents and Settings\Matrix\Desktop\dl\lib\world\obj\54.obj --> ftp.thefitz.homelinux.net /home/dharkmud/dl/lib/world/obj 54.obj
2003.12.27 00:17 B C:\Documents and Settings\Matrix\Desktop\dl\lib\world\obj\57.obj --> ftp.thefitz.homelinux.net /home/dharkmud/dl/lib/world/obj 57.obj
2003.12.27 00:17 B C:\Documents and Settings\Matrix\Desktop\dl\lib\world\obj\58.obj --> ftp.thefitz.homelinux.net /home/dharkmud/dl/lib/world/obj 58.obj
2003.12.27 00:17 B C:\Documents and Settings\Matrix\Desktop\dl\lib\world\obj\59.obj --> ftp.thefitz.homelinux.net /home/dharkmud/dl/lib/world/obj 59.obj
2003.12.27 00:17 B C:\Documents and Settings\Matrix\Desktop\dl\lib\world\obj\60.obj --> ftp.thefitz.homelinux.net /home/dharkmud/dl/lib/world/obj 60.obj
2003.12.27 00:17 B C:\Documents and Settings\Matrix\Desktop\dl\lib\world\obj\61.obj --> ftp.thefitz.homelinux.net /home/dharkmud/dl/lib/world/obj 61.obj
2003.12.27 00:17 B C:\Documents and Settings\Matrix\Desktop\dl\lib\world\obj\62.obj --> ftp.thefitz.homelinux.net /home/dharkmud/dl/lib/world/obj 62.obj
2003.12.27 00:18 B C:\Documents and Settings\Matrix\Desktop\dl\lib\world\obj\63.obj --> ftp.thefitz.homelinux.net /home/dharkmud/dl/lib/world/obj 63.obj
2003.12.27 00:18 B C:\Documents and Settings\Matrix\Desktop\dl\lib\world\obj\64.obj --> ftp.thefitz.homelinux.net /home/dharkmud/dl/lib/world/obj 64.obj
2003.12.27 00:18 B C:\Documents and Settings\Matrix\Desktop\dl\lib\world\obj\65.obj --> ftp.thefitz.homelinux.net /home/dharkmud/dl/lib/world/obj 65.obj
2003.12.27 00:18 B C:\Documents and Settings\Matrix\Desktop\dl\lib\world\obj\66.obj --> ftp.thefitz.homelinux.net /home/dharkmud/dl/lib/world/obj 66.obj
2003.12.27 00:18 B C:\Documents and Settings\Matrix\Desktop\dl\lib\world\obj\68.obj --> ftp.thefitz.homelinux.net /home/dharkmud/dl/lib/world/obj 68.obj
2003.12.27 00:18 B C:\Documents and Settings\Matrix\Desktop\dl\lib\world\obj\71.obj --> ftp.thefitz.homelinux.net /home/dharkmud/dl/lib/world/obj 71.obj
2003.12.27 00:18 B C:\Documents and Settings\Matrix\Desktop\dl\lib\world\obj\72.obj --> ftp.thefitz.homelinux.net /home/dharkmud/dl/lib/world/obj 72.obj
2003.12.27 00:18 B C:\Documents and Settings\Matrix\Desktop\dl\lib\world\obj\79.obj --> ftp.thefitz.homelinux.net /home/dharkmud/dl/lib/world/obj 79.obj
2003.12.27 00:18 B C:\Documents and Settings\Matrix\Desktop\dl\lib\world\obj\9.obj --> ftp.thefitz.homelinux.net /home/dharkmud/dl/lib/world/obj 9.obj
2003.12.27 00:18 B C:\Documents and Settings\Matrix\Desktop\dl\lib\world\obj\90.obj --> ftp.thefitz.homelinux.net /home/dharkmud/dl/lib/world/obj 90.obj
2003.12.27 00:18 B C:\Documents and Settings\Matrix\Desktop\dl\lib\world\obj\91.obj --> ftp.thefitz.homelinux.net /home/dharkmud/dl/lib/world/obj 91.obj
2003.12.27 00:18 B C:\Documents and Settings\Matrix\Desktop\dl\lib\world\obj\92.obj --> ftp.thefitz.homelinux.net /home/dharkmud/dl/lib/world/obj 92.obj
2003.12.27 00:18 B C:\Documents and Settings\Matrix\Desktop\dl\lib\world\obj\95.obj --> ftp.thefitz.homelinux.net /home/dharkmud/dl/lib/world/obj 95.obj
2003.12.27 00:18 B C:\Documents and Settings\Matrix\Desktop\dl\lib\world\obj\96.obj --> ftp.thefitz.homelinux.net /home/dharkmud/dl/lib/world/obj 96.obj
2003.12.27 00:18 B C:\Documents and Settings\Matrix\Desktop\dl\lib\world\obj\97.obj --> ftp.thefitz.homelinux.net /home/dharkmud/dl/lib/world/obj 97.obj
2003.12.27 00:18 B C:\Documents and Settings\Matrix\Desktop\dl\lib\world\obj\index --> ftp.thefitz.homelinux.net /home/dharkmud/dl/lib/world/obj index
2003.12.27 00:18 B C:\Documents and Settings\Matrix\Desktop\dl\lib\world\obj\index.mini --> ftp.thefitz.homelinux.net /home/dharkmud/dl/lib/world/obj index.mini
2003.12.27 00:18 B C:\Documents and Settings\Matrix\Desktop\dl\lib\world\obj\WS_FTP.LOG --> ftp.thefitz.homelinux.net /home/dharkmud/dl/lib/world/obj WS_FTP.LOG
2003.12.27 15:52 B C:\Documents and Settings\Matrix\Desktop\dl\lib\world\obj\0.obj --> ftp.spunge.org /home3/mayhem42/dl/lib/world/obj 0.obj
2003.12.27 15:52 B C:\Documents and Settings\Matrix\Desktop\dl\lib\world\obj\1.obj --> ftp.spunge.org /home3/mayhem42/dl/lib/world/obj 1.obj
2003.12.27 15:52 B C:\Documents and Settings\Matrix\Desktop\dl\lib\world\obj\101.obj --> ftp.spunge.org /home3/mayhem42/dl/lib/world/obj 101.obj
2003.12.27 15:52 B C:\Documents and Settings\Matrix\Desktop\dl\lib\world\obj\120.obj --> ftp.spunge.org /home3/mayhem42/dl/lib/world/obj 120.obj
2003.12.27 15:52 B C:\Documents and Settings\Matrix\Desktop\dl\lib\world\obj\141.obj --> ftp.spunge.org /home3/mayhem42/dl/lib/world/obj 141.obj
2003.12.27 15:52 B C:\Documents and Settings\Matrix\Desktop\dl\lib\world\obj\15.obj --> ftp.spunge.org /home3/mayhem42/dl/lib/world/obj 15.obj
2003.12.27 15:52 B C:\Documents and Settings\Matrix\Desktop\dl\lib\world\obj\150.obj --> ftp.spunge.org /home3/mayhem42/dl/lib/world/obj 150.obj
2003.12.27 15:52 B C:\Documents and Settings\Matrix\Desktop\dl\lib\world\obj\170.obj --> ftp.spunge.org /home3/mayhem42/dl/lib/world/obj 170.obj
2003.12.27 15:52 B C:\Documents and Settings\Matrix\Desktop\dl\lib\world\obj\186.obj --> ftp.spunge.org /home3/mayhem42/dl/lib/world/obj 186.obj
2003.12.27 15:52 B C:\Documents and Settings\Matrix\Desktop\dl\lib\world\obj\210.obj --> ftp.spunge.org /home3/mayhem42/dl/lib/world/obj 210.obj
2003.12.27 15:52 B C:\Documents and Settings\Matrix\Desktop\dl\lib\world\obj\220.obj --> ftp.spunge.org /home3/mayhem42/dl/lib/world/obj 220.obj
2003.12.27 15:52 B C:\Documents and Settings\Matrix\Desktop\dl\lib\world\obj\221.obj --> ftp.spunge.org /home3/mayhem42/dl/lib/world/obj 221.obj
2003.12.27 15:52 B C:\Documents and Settings\Matrix\Desktop\dl\lib\world\obj\223.obj --> ftp.spunge.org /home3/mayhem42/dl/lib/world/obj 223.obj
2003.12.27 15:52 B C:\Documents and Settings\Matrix\Desktop\dl\lib\world\obj\224.obj --> ftp.spunge.org /home3/mayhem42/dl/lib/world/obj 224.obj
2003.12.27 15:52 B C:\Documents and Settings\Matrix\Desktop\dl\lib\world\obj\225.obj --> ftp.spunge.org /home3/mayhem42/dl/lib/world/obj 225.obj
2003.12.27 15:52 B C:\Documents and Settings\Matrix\Desktop\dl\lib\world\obj\226.obj --> ftp.spunge.org /home3/mayhem42/dl/lib/world/obj 226.obj
2003.12.27 15:52 B C:\Documents and Settings\Matrix\Desktop\dl\lib\world\obj\25.obj --> ftp.spunge.org /home3/mayhem42/dl/lib/world/obj 25.obj
2003.12.27 15:52 B C:\Documents and Settings\Matrix\Desktop\dl\lib\world\obj\296.obj --> ftp.spunge.org /home3/mayhem42/dl/lib/world/obj 296.obj
2003.12.27 15:52 B C:\Documents and Settings\Matrix\Desktop\dl\lib\world\obj\30.obj --> ftp.spunge.org /home3/mayhem42/dl/lib/world/obj 30.obj
2003.12.27 15:52 B C:\Documents and Settings\Matrix\Desktop\dl\lib\world\obj\31.obj --> ftp.spunge.org /home3/mayhem42/dl/lib/world/obj 31.obj
2003.12.27 15:53 B C:\Documents and Settings\Matrix\Desktop\dl\lib\world\obj\32.obj --> ftp.spunge.org /home3/mayhem42/dl/lib/world/obj 32.obj
2003.12.27 15:53 B C:\Documents and Settings\Matrix\Desktop\dl\lib\world\obj\33.obj --> ftp.spunge.org /home3/mayhem42/dl/lib/world/obj 33.obj
2003.12.27 15:53 B C:\Documents and Settings\Matrix\Desktop\dl\lib\world\obj\35.obj --> ftp.spunge.org /home3/mayhem42/dl/lib/world/obj 35.obj
2003.12.27 15:53 B C:\Documents and Settings\Matrix\Desktop\dl\lib\world\obj\36.obj --> ftp.spunge.org /home3/mayhem42/dl/lib/world/obj 36.obj
2003.12.27 15:53 B C:\Documents and Settings\Matrix\Desktop\dl\lib\world\obj\40.obj --> ftp.spunge.org /home3/mayhem42/dl/lib/world/obj 40.obj
2003.12.27 15:53 B C:\Documents and Settings\Matrix\Desktop\dl\lib\world\obj\50.obj --> ftp.spunge.org /home3/mayhem42/dl/lib/world/obj 50.obj
2003.12.27 15:53 B C:\Documents and Settings\Matrix\Desktop\dl\lib\world\obj\51.obj --> ftp.spunge.org /home3/mayhem42/dl/lib/world/obj 51.obj
2003.12.27 15:53 B C:\Documents and Settings\Matrix\Desktop\dl\lib\world\obj\52.obj --> ftp.spunge.org /home3/mayhem42/dl/lib/world/obj 52.obj
2003.12.27 15:53 B C:\Documents and Settings\Matrix\Desktop\dl\lib\world\obj\53.obj --> ftp.spunge.org /home3/mayhem42/dl/lib/world/obj 53.obj
2003.12.27 15:53 B C:\Documents and Settings\Matrix\Desktop\dl\lib\world\obj\54.obj --> ftp.spunge.org /home3/mayhem42/dl/lib/world/obj 54.obj
2003.12.27 15:53 B C:\Documents and Settings\Matrix\Desktop\dl\lib\world\obj\57.obj --> ftp.spunge.org /home3/mayhem42/dl/lib/world/obj 57.obj
2003.12.27 15:53 B C:\Documents and Settings\Matrix\Desktop\dl\lib\world\obj\58.obj --> ftp.spunge.org /home3/mayhem42/dl/lib/world/obj 58.obj
2003.12.27 15:53 B C:\Documents and Settings\Matrix\Desktop\dl\lib\world\obj\59.obj --> ftp.spunge.org /home3/mayhem42/dl/lib/world/obj 59.obj
2003.12.27 15:53 B C:\Documents and Settings\Matrix\Desktop\dl\lib\world\obj\60.obj --> ftp.spunge.org /home3/mayhem42/dl/lib/world/obj 60.obj
2003.12.27 15:53 B C:\Documents and Settings\Matrix\Desktop\dl\lib\world\obj\61.obj --> ftp.spunge.org /home3/mayhem42/dl/lib/world/obj 61.obj
2003.12.27 15:53 B C:\Documents and Settings\Matrix\Desktop\dl\lib\world\obj\62.obj --> ftp.spunge.org /home3/mayhem42/dl/lib/world/obj 62.obj
2003.12.27 15:53 B C:\Documents and Settings\Matrix\Desktop\dl\lib\world\obj\63.obj --> ftp.spunge.org /home3/mayhem42/dl/lib/world/obj 63.obj
2003.12.27 15:53 B C:\Documents and Settings\Matrix\Desktop\dl\lib\world\obj\64.obj --> ftp.spunge.org /home3/mayhem42/dl/lib/world/obj 64.obj
2003.12.27 15:53 B C:\Documents and Settings\Matrix\Desktop\dl\lib\world\obj\65.obj --> ftp.spunge.org /home3/mayhem42/dl/lib/world/obj 65.obj
2003.12.27 15:53 B C:\Documents and Settings\Matrix\Desktop\dl\lib\world\obj\66.obj --> ftp.spunge.org /home3/mayhem42/dl/lib/world/obj 66.obj
2003.12.27 15:54 B C:\Documents and Settings\Matrix\Desktop\dl\lib\world\obj\68.obj --> ftp.spunge.org /home3/mayhem42/dl/lib/world/obj 68.obj
2003.12.27 15:54 B C:\Documents and Settings\Matrix\Desktop\dl\lib\world\obj\71.obj --> ftp.spunge.org /home3/mayhem42/dl/lib/world/obj 71.obj
2003.12.27 15:54 B C:\Documents and Settings\Matrix\Desktop\dl\lib\world\obj\72.obj --> ftp.spunge.org /home3/mayhem42/dl/lib/world/obj 72.obj
2003.12.27 15:54 B C:\Documents and Settings\Matrix\Desktop\dl\lib\world\obj\79.obj --> ftp.spunge.org /home3/mayhem42/dl/lib/world/obj 79.obj
2003.12.27 15:54 B C:\Documents and Settings\Matrix\Desktop\dl\lib\world\obj\9.obj --> ftp.spunge.org /home3/mayhem42/dl/lib/world/obj 9.obj
2003.12.27 15:54 B C:\Documents and Settings\Matrix\Desktop\dl\lib\world\obj\90.obj --> ftp.spunge.org /home3/mayhem42/dl/lib/world/obj 90.obj
2003.12.27 15:54 B C:\Documents and Settings\Matrix\Desktop\dl\lib\world\obj\91.obj --> ftp.spunge.org /home3/mayhem42/dl/lib/world/obj 91.obj
2003.12.27 15:54 B C:\Documents and Settings\Matrix\Desktop\dl\lib\world\obj\92.obj --> ftp.spunge.org /home3/mayhem42/dl/lib/world/obj 92.obj
2003.12.27 15:54 B C:\Documents and Settings\Matrix\Desktop\dl\lib\world\obj\95.obj --> ftp.spunge.org /home3/mayhem42/dl/lib/world/obj 95.obj
2003.12.27 15:54 B C:\Documents and Settings\Matrix\Desktop\dl\lib\world\obj\96.obj --> ftp.spunge.org /home3/mayhem42/dl/lib/world/obj 96.obj
2003.12.27 15:54 B C:\Documents and Settings\Matrix\Desktop\dl\lib\world\obj\97.obj --> ftp.spunge.org /home3/mayhem42/dl/lib/world/obj 97.obj
2003.12.27 15:54 B C:\Documents and Settings\Matrix\Desktop\dl\lib\world\obj\index --> ftp.spunge.org /home3/mayhem42/dl/lib/world/obj index
2003.12.27 15:54 B C:\Documents and Settings\Matrix\Desktop\dl\lib\world\obj\index.mini --> ftp.spunge.org /home3/mayhem42/dl/lib/world/obj index.mini
