2003.12.26 23:17 B C:\Documents and Settings\Matrix\Desktop\dl\lib\world\gld\1.gld <-- spunge.com /home3/mayhem42/dl/lib/world/gld 1.gld
2003.12.26 23:17 B C:\Documents and Settings\Matrix\Desktop\dl\lib\world\gld\101.gld <-- spunge.com /home3/mayhem42/dl/lib/world/gld 101.gld
2003.12.26 23:17 B C:\Documents and Settings\Matrix\Desktop\dl\lib\world\gld\141.gld <-- spunge.com /home3/mayhem42/dl/lib/world/gld 141.gld
2003.12.26 23:17 B C:\Documents and Settings\Matrix\Desktop\dl\lib\world\gld\223.gld <-- spunge.com /home3/mayhem42/dl/lib/world/gld 223.gld
2003.12.26 23:17 B C:\Documents and Settings\Matrix\Desktop\dl\lib\world\gld\224.gld <-- spunge.com /home3/mayhem42/dl/lib/world/gld 224.gld
2003.12.26 23:17 B C:\Documents and Settings\Matrix\Desktop\dl\lib\world\gld\225.gld <-- spunge.com /home3/mayhem42/dl/lib/world/gld 225.gld
2003.12.26 23:17 B C:\Documents and Settings\Matrix\Desktop\dl\lib\world\gld\226.gld <-- spunge.com /home3/mayhem42/dl/lib/world/gld 226.gld
2003.12.26 23:17 B C:\Documents and Settings\Matrix\Desktop\dl\lib\world\gld\296.gld <-- spunge.com /home3/mayhem42/dl/lib/world/gld 296.gld
2003.12.26 23:17 B C:\Documents and Settings\Matrix\Desktop\dl\lib\world\gld\30.gld <-- spunge.com /home3/mayhem42/dl/lib/world/gld 30.gld
2003.12.26 23:17 B C:\Documents and Settings\Matrix\Desktop\dl\lib\world\gld\31.gld <-- spunge.com /home3/mayhem42/dl/lib/world/gld 31.gld
2003.12.26 23:17 B C:\Documents and Settings\Matrix\Desktop\dl\lib\world\gld\58.gld <-- spunge.com /home3/mayhem42/dl/lib/world/gld 58.gld
2003.12.26 23:17 B C:\Documents and Settings\Matrix\Desktop\dl\lib\world\gld\59.gld <-- spunge.com /home3/mayhem42/dl/lib/world/gld 59.gld
2003.12.26 23:17 B C:\Documents and Settings\Matrix\Desktop\dl\lib\world\gld\66.gld <-- spunge.com /home3/mayhem42/dl/lib/world/gld 66.gld
2003.12.26 23:17 B C:\Documents and Settings\Matrix\Desktop\dl\lib\world\gld\91.gld <-- spunge.com /home3/mayhem42/dl/lib/world/gld 91.gld
2003.12.26 23:17 B C:\Documents and Settings\Matrix\Desktop\dl\lib\world\gld\92.gld <-- spunge.com /home3/mayhem42/dl/lib/world/gld 92.gld
2003.12.26 23:17 B C:\Documents and Settings\Matrix\Desktop\dl\lib\world\gld\95.gld <-- spunge.com /home3/mayhem42/dl/lib/world/gld 95.gld
2003.12.26 23:17 B C:\Documents and Settings\Matrix\Desktop\dl\lib\world\gld\96.gld <-- spunge.com /home3/mayhem42/dl/lib/world/gld 96.gld
2003.12.26 23:17 B C:\Documents and Settings\Matrix\Desktop\dl\lib\world\gld\97.gld <-- spunge.com /home3/mayhem42/dl/lib/world/gld 97.gld
2003.12.26 23:17 B C:\Documents and Settings\Matrix\Desktop\dl\lib\world\gld\index <-- spunge.com /home3/mayhem42/dl/lib/world/gld index
2003.12.26 23:17 B C:\Documents and Settings\Matrix\Desktop\dl\lib\world\gld\index.mini <-- spunge.com /home3/mayhem42/dl/lib/world/gld index.mini
2003.12.27 00:03 B C:\Documents and Settings\Matrix\Desktop\dl\lib\world\gld\1.gld --> ftp.thefitz.homelinux.net /home/dharkmud/dl/lib/world/gld 1.gld
2003.12.27 00:03 B C:\Documents and Settings\Matrix\Desktop\dl\lib\world\gld\101.gld --> ftp.thefitz.homelinux.net /home/dharkmud/dl/lib/world/gld 101.gld
2003.12.27 00:03 B C:\Documents and Settings\Matrix\Desktop\dl\lib\world\gld\141.gld --> ftp.thefitz.homelinux.net /home/dharkmud/dl/lib/world/gld 141.gld
2003.12.27 00:03 B C:\Documents and Settings\Matrix\Desktop\dl\lib\world\gld\223.gld --> ftp.thefitz.homelinux.net /home/dharkmud/dl/lib/world/gld 223.gld
2003.12.27 00:03 B C:\Documents and Settings\Matrix\Desktop\dl\lib\world\gld\224.gld --> ftp.thefitz.homelinux.net /home/dharkmud/dl/lib/world/gld 224.gld
2003.12.27 00:03 B C:\Documents and Settings\Matrix\Desktop\dl\lib\world\gld\225.gld --> ftp.thefitz.homelinux.net /home/dharkmud/dl/lib/world/gld 225.gld
2003.12.27 00:03 B C:\Documents and Settings\Matrix\Desktop\dl\lib\world\gld\226.gld --> ftp.thefitz.homelinux.net /home/dharkmud/dl/lib/world/gld 226.gld
2003.12.27 00:03 B C:\Documents and Settings\Matrix\Desktop\dl\lib\world\gld\296.gld --> ftp.thefitz.homelinux.net /home/dharkmud/dl/lib/world/gld 296.gld
2003.12.27 00:03 B C:\Documents and Settings\Matrix\Desktop\dl\lib\world\gld\30.gld --> ftp.thefitz.homelinux.net /home/dharkmud/dl/lib/world/gld 30.gld
2003.12.27 00:03 B C:\Documents and Settings\Matrix\Desktop\dl\lib\world\gld\31.gld --> ftp.thefitz.homelinux.net /home/dharkmud/dl/lib/world/gld 31.gld
2003.12.27 00:03 B C:\Documents and Settings\Matrix\Desktop\dl\lib\world\gld\58.gld --> ftp.thefitz.homelinux.net /home/dharkmud/dl/lib/world/gld 58.gld
2003.12.27 00:03 B C:\Documents and Settings\Matrix\Desktop\dl\lib\world\gld\59.gld --> ftp.thefitz.homelinux.net /home/dharkmud/dl/lib/world/gld 59.gld
2003.12.27 00:03 B C:\Documents and Settings\Matrix\Desktop\dl\lib\world\gld\66.gld --> ftp.thefitz.homelinux.net /home/dharkmud/dl/lib/world/gld 66.gld
2003.12.27 00:03 B C:\Documents and Settings\Matrix\Desktop\dl\lib\world\gld\91.gld --> ftp.thefitz.homelinux.net /home/dharkmud/dl/lib/world/gld 91.gld
2003.12.27 00:03 B C:\Documents and Settings\Matrix\Desktop\dl\lib\world\gld\92.gld --> ftp.thefitz.homelinux.net /home/dharkmud/dl/lib/world/gld 92.gld
2003.12.27 00:03 B C:\Documents and Settings\Matrix\Desktop\dl\lib\world\gld\95.gld --> ftp.thefitz.homelinux.net /home/dharkmud/dl/lib/world/gld 95.gld
2003.12.27 00:03 B C:\Documents and Settings\Matrix\Desktop\dl\lib\world\gld\96.gld --> ftp.thefitz.homelinux.net /home/dharkmud/dl/lib/world/gld 96.gld
2003.12.27 00:03 B C:\Documents and Settings\Matrix\Desktop\dl\lib\world\gld\97.gld --> ftp.thefitz.homelinux.net /home/dharkmud/dl/lib/world/gld 97.gld
2003.12.27 00:03 B C:\Documents and Settings\Matrix\Desktop\dl\lib\world\gld\index --> ftp.thefitz.homelinux.net /home/dharkmud/dl/lib/world/gld index
2003.12.27 00:03 B C:\Documents and Settings\Matrix\Desktop\dl\lib\world\gld\index.mini --> ftp.thefitz.homelinux.net /home/dharkmud/dl/lib/world/gld index.mini
2003.12.27 00:03 B C:\Documents and Settings\Matrix\Desktop\dl\lib\world\gld\WS_FTP.LOG --> ftp.thefitz.homelinux.net /home/dharkmud/dl/lib/world/gld WS_FTP.LOG
2003.12.27 15:50 B C:\Documents and Settings\Matrix\Desktop\dl\lib\world\gld\1.gld --> ftp.spunge.org /home3/mayhem42/dl/lib/world/gld 1.gld
2003.12.27 15:50 B C:\Documents and Settings\Matrix\Desktop\dl\lib\world\gld\101.gld --> ftp.spunge.org /home3/mayhem42/dl/lib/world/gld 101.gld
2003.12.27 15:50 B C:\Documents and Settings\Matrix\Desktop\dl\lib\world\gld\141.gld --> ftp.spunge.org /home3/mayhem42/dl/lib/world/gld 141.gld
2003.12.27 15:50 B C:\Documents and Settings\Matrix\Desktop\dl\lib\world\gld\223.gld --> ftp.spunge.org /home3/mayhem42/dl/lib/world/gld 223.gld
2003.12.27 15:50 B C:\Documents and Settings\Matrix\Desktop\dl\lib\world\gld\224.gld --> ftp.spunge.org /home3/mayhem42/dl/lib/world/gld 224.gld
2003.12.27 15:50 B C:\Documents and Settings\Matrix\Desktop\dl\lib\world\gld\225.gld --> ftp.spunge.org /home3/mayhem42/dl/lib/world/gld 225.gld
2003.12.27 15:50 B C:\Documents and Settings\Matrix\Desktop\dl\lib\world\gld\226.gld --> ftp.spunge.org /home3/mayhem42/dl/lib/world/gld 226.gld
2003.12.27 15:50 B C:\Documents and Settings\Matrix\Desktop\dl\lib\world\gld\296.gld --> ftp.spunge.org /home3/mayhem42/dl/lib/world/gld 296.gld
2003.12.27 15:50 B C:\Documents and Settings\Matrix\Desktop\dl\lib\world\gld\30.gld --> ftp.spunge.org /home3/mayhem42/dl/lib/world/gld 30.gld
2003.12.27 15:50 B C:\Documents and Settings\Matrix\Desktop\dl\lib\world\gld\31.gld --> ftp.spunge.org /home3/mayhem42/dl/lib/world/gld 31.gld
2003.12.27 15:50 B C:\Documents and Settings\Matrix\Desktop\dl\lib\world\gld\58.gld --> ftp.spunge.org /home3/mayhem42/dl/lib/world/gld 58.gld
2003.12.27 15:50 B C:\Documents and Settings\Matrix\Desktop\dl\lib\world\gld\59.gld --> ftp.spunge.org /home3/mayhem42/dl/lib/world/gld 59.gld
2003.12.27 15:50 B C:\Documents and Settings\Matrix\Desktop\dl\lib\world\gld\66.gld --> ftp.spunge.org /home3/mayhem42/dl/lib/world/gld 66.gld
2003.12.27 15:50 B C:\Documents and Settings\Matrix\Desktop\dl\lib\world\gld\91.gld --> ftp.spunge.org /home3/mayhem42/dl/lib/world/gld 91.gld
2003.12.27 15:50 B C:\Documents and Settings\Matrix\Desktop\dl\lib\world\gld\92.gld --> ftp.spunge.org /home3/mayhem42/dl/lib/world/gld 92.gld
2003.12.27 15:50 B C:\Documents and Settings\Matrix\Desktop\dl\lib\world\gld\95.gld --> ftp.spunge.org /home3/mayhem42/dl/lib/world/gld 95.gld
2003.12.27 15:50 B C:\Documents and Settings\Matrix\Desktop\dl\lib\world\gld\96.gld --> ftp.spunge.org /home3/mayhem42/dl/lib/world/gld 96.gld
2003.12.27 15:50 B C:\Documents and Settings\Matrix\Desktop\dl\lib\world\gld\97.gld --> ftp.spunge.org /home3/mayhem42/dl/lib/world/gld 97.gld
2003.12.27 15:50 B C:\Documents and Settings\Matrix\Desktop\dl\lib\world\gld\index --> ftp.spunge.org /home3/mayhem42/dl/lib/world/gld index
2003.12.27 15:50 B C:\Documents and Settings\Matrix\Desktop\dl\lib\world\gld\index.mini --> ftp.spunge.org /home3/mayhem42/dl/lib/world/gld index.mini
