2003.12.26 23:21 B C:\Documents and Settings\Matrix\Desktop\dl\lib\world\shp\1.shp <-- spunge.com /home3/mayhem42/dl/lib/world/shp 1.shp
2003.12.26 23:21 B C:\Documents and Settings\Matrix\Desktop\dl\lib\world\shp\101.shp <-- spunge.com /home3/mayhem42/dl/lib/world/shp 101.shp
2003.12.26 23:21 B C:\Documents and Settings\Matrix\Desktop\dl\lib\world\shp\120.shp <-- spunge.com /home3/mayhem42/dl/lib/world/shp 120.shp
2003.12.26 23:21 B C:\Documents and Settings\Matrix\Desktop\dl\lib\world\shp\141.shp <-- spunge.com /home3/mayhem42/dl/lib/world/shp 141.shp
2003.12.26 23:21 B C:\Documents and Settings\Matrix\Desktop\dl\lib\world\shp\150.shp <-- spunge.com /home3/mayhem42/dl/lib/world/shp 150.shp
2003.12.26 23:21 B C:\Documents and Settings\Matrix\Desktop\dl\lib\world\shp\210.shp <-- spunge.com /home3/mayhem42/dl/lib/world/shp 210.shp
2003.12.26 23:21 B C:\Documents and Settings\Matrix\Desktop\dl\lib\world\shp\223.shp <-- spunge.com /home3/mayhem42/dl/lib/world/shp 223.shp
2003.12.26 23:21 B C:\Documents and Settings\Matrix\Desktop\dl\lib\world\shp\224.shp <-- spunge.com /home3/mayhem42/dl/lib/world/shp 224.shp
2003.12.26 23:21 B C:\Documents and Settings\Matrix\Desktop\dl\lib\world\shp\225.shp <-- spunge.com /home3/mayhem42/dl/lib/world/shp 225.shp
2003.12.26 23:21 B C:\Documents and Settings\Matrix\Desktop\dl\lib\world\shp\226.shp <-- spunge.com /home3/mayhem42/dl/lib/world/shp 226.shp
2003.12.26 23:21 B C:\Documents and Settings\Matrix\Desktop\dl\lib\world\shp\25.shp <-- spunge.com /home3/mayhem42/dl/lib/world/shp 25.shp
2003.12.26 23:21 B C:\Documents and Settings\Matrix\Desktop\dl\lib\world\shp\296.shp <-- spunge.com /home3/mayhem42/dl/lib/world/shp 296.shp
2003.12.26 23:21 B C:\Documents and Settings\Matrix\Desktop\dl\lib\world\shp\30.shp <-- spunge.com /home3/mayhem42/dl/lib/world/shp 30.shp
2003.12.26 23:21 B C:\Documents and Settings\Matrix\Desktop\dl\lib\world\shp\31.shp <-- spunge.com /home3/mayhem42/dl/lib/world/shp 31.shp
2003.12.26 23:21 B C:\Documents and Settings\Matrix\Desktop\dl\lib\world\shp\33.shp <-- spunge.com /home3/mayhem42/dl/lib/world/shp 33.shp
2003.12.26 23:21 B C:\Documents and Settings\Matrix\Desktop\dl\lib\world\shp\54.shp <-- spunge.com /home3/mayhem42/dl/lib/world/shp 54.shp
2003.12.26 23:21 B C:\Documents and Settings\Matrix\Desktop\dl\lib\world\shp\57.shp <-- spunge.com /home3/mayhem42/dl/lib/world/shp 57.shp
2003.12.26 23:21 B C:\Documents and Settings\Matrix\Desktop\dl\lib\world\shp\58.shp <-- spunge.com /home3/mayhem42/dl/lib/world/shp 58.shp
2003.12.26 23:21 B C:\Documents and Settings\Matrix\Desktop\dl\lib\world\shp\59.shp <-- spunge.com /home3/mayhem42/dl/lib/world/shp 59.shp
2003.12.26 23:21 B C:\Documents and Settings\Matrix\Desktop\dl\lib\world\shp\60.shp <-- spunge.com /home3/mayhem42/dl/lib/world/shp 60.shp
2003.12.26 23:21 B C:\Documents and Settings\Matrix\Desktop\dl\lib\world\shp\65.shp <-- spunge.com /home3/mayhem42/dl/lib/world/shp 65.shp
2003.12.26 23:21 B C:\Documents and Settings\Matrix\Desktop\dl\lib\world\shp\66.shp <-- spunge.com /home3/mayhem42/dl/lib/world/shp 66.shp
2003.12.26 23:22 B C:\Documents and Settings\Matrix\Desktop\dl\lib\world\shp\68.shp <-- spunge.com /home3/mayhem42/dl/lib/world/shp 68.shp
2003.12.26 23:22 B C:\Documents and Settings\Matrix\Desktop\dl\lib\world\shp\91.shp <-- spunge.com /home3/mayhem42/dl/lib/world/shp 91.shp
2003.12.26 23:22 B C:\Documents and Settings\Matrix\Desktop\dl\lib\world\shp\92.shp <-- spunge.com /home3/mayhem42/dl/lib/world/shp 92.shp
2003.12.26 23:22 B C:\Documents and Settings\Matrix\Desktop\dl\lib\world\shp\95.shp <-- spunge.com /home3/mayhem42/dl/lib/world/shp 95.shp
2003.12.26 23:22 B C:\Documents and Settings\Matrix\Desktop\dl\lib\world\shp\96.shp <-- spunge.com /home3/mayhem42/dl/lib/world/shp 96.shp
2003.12.26 23:22 B C:\Documents and Settings\Matrix\Desktop\dl\lib\world\shp\97.shp <-- spunge.com /home3/mayhem42/dl/lib/world/shp 97.shp
2003.12.26 23:22 B C:\Documents and Settings\Matrix\Desktop\dl\lib\world\shp\index <-- spunge.com /home3/mayhem42/dl/lib/world/shp index
2003.12.26 23:22 B C:\Documents and Settings\Matrix\Desktop\dl\lib\world\shp\index.mini <-- spunge.com /home3/mayhem42/dl/lib/world/shp index.mini
2003.12.27 00:18 B C:\Documents and Settings\Matrix\Desktop\dl\lib\world\shp\1.shp --> ftp.thefitz.homelinux.net /home/dharkmud/dl/lib/world/shp 1.shp
2003.12.27 00:18 B C:\Documents and Settings\Matrix\Desktop\dl\lib\world\shp\101.shp --> ftp.thefitz.homelinux.net /home/dharkmud/dl/lib/world/shp 101.shp
2003.12.27 00:18 B C:\Documents and Settings\Matrix\Desktop\dl\lib\world\shp\120.shp --> ftp.thefitz.homelinux.net /home/dharkmud/dl/lib/world/shp 120.shp
2003.12.27 00:18 B C:\Documents and Settings\Matrix\Desktop\dl\lib\world\shp\141.shp --> ftp.thefitz.homelinux.net /home/dharkmud/dl/lib/world/shp 141.shp
2003.12.27 00:18 B C:\Documents and Settings\Matrix\Desktop\dl\lib\world\shp\150.shp --> ftp.thefitz.homelinux.net /home/dharkmud/dl/lib/world/shp 150.shp
2003.12.27 00:18 B C:\Documents and Settings\Matrix\Desktop\dl\lib\world\shp\210.shp --> ftp.thefitz.homelinux.net /home/dharkmud/dl/lib/world/shp 210.shp
2003.12.27 00:18 B C:\Documents and Settings\Matrix\Desktop\dl\lib\world\shp\223.shp --> ftp.thefitz.homelinux.net /home/dharkmud/dl/lib/world/shp 223.shp
2003.12.27 00:19 B C:\Documents and Settings\Matrix\Desktop\dl\lib\world\shp\224.shp --> ftp.thefitz.homelinux.net /home/dharkmud/dl/lib/world/shp 224.shp
2003.12.27 00:19 B C:\Documents and Settings\Matrix\Desktop\dl\lib\world\shp\225.shp --> ftp.thefitz.homelinux.net /home/dharkmud/dl/lib/world/shp 225.shp
2003.12.27 00:19 B C:\Documents and Settings\Matrix\Desktop\dl\lib\world\shp\226.shp --> ftp.thefitz.homelinux.net /home/dharkmud/dl/lib/world/shp 226.shp
2003.12.27 00:19 B C:\Documents and Settings\Matrix\Desktop\dl\lib\world\shp\25.shp --> ftp.thefitz.homelinux.net /home/dharkmud/dl/lib/world/shp 25.shp
2003.12.27 00:19 B C:\Documents and Settings\Matrix\Desktop\dl\lib\world\shp\296.shp --> ftp.thefitz.homelinux.net /home/dharkmud/dl/lib/world/shp 296.shp
2003.12.27 00:19 B C:\Documents and Settings\Matrix\Desktop\dl\lib\world\shp\30.shp --> ftp.thefitz.homelinux.net /home/dharkmud/dl/lib/world/shp 30.shp
2003.12.27 00:19 B C:\Documents and Settings\Matrix\Desktop\dl\lib\world\shp\31.shp --> ftp.thefitz.homelinux.net /home/dharkmud/dl/lib/world/shp 31.shp
2003.12.27 00:19 B C:\Documents and Settings\Matrix\Desktop\dl\lib\world\shp\33.shp --> ftp.thefitz.homelinux.net /home/dharkmud/dl/lib/world/shp 33.shp
2003.12.27 00:19 B C:\Documents and Settings\Matrix\Desktop\dl\lib\world\shp\54.shp --> ftp.thefitz.homelinux.net /home/dharkmud/dl/lib/world/shp 54.shp
2003.12.27 00:19 B C:\Documents and Settings\Matrix\Desktop\dl\lib\world\shp\57.shp --> ftp.thefitz.homelinux.net /home/dharkmud/dl/lib/world/shp 57.shp
2003.12.27 00:19 B C:\Documents and Settings\Matrix\Desktop\dl\lib\world\shp\58.shp --> ftp.thefitz.homelinux.net /home/dharkmud/dl/lib/world/shp 58.shp
2003.12.27 00:19 B C:\Documents and Settings\Matrix\Desktop\dl\lib\world\shp\59.shp --> ftp.thefitz.homelinux.net /home/dharkmud/dl/lib/world/shp 59.shp
2003.12.27 00:19 B C:\Documents and Settings\Matrix\Desktop\dl\lib\world\shp\60.shp --> ftp.thefitz.homelinux.net /home/dharkmud/dl/lib/world/shp 60.shp
2003.12.27 00:19 B C:\Documents and Settings\Matrix\Desktop\dl\lib\world\shp\65.shp --> ftp.thefitz.homelinux.net /home/dharkmud/dl/lib/world/shp 65.shp
2003.12.27 00:19 B C:\Documents and Settings\Matrix\Desktop\dl\lib\world\shp\66.shp --> ftp.thefitz.homelinux.net /home/dharkmud/dl/lib/world/shp 66.shp
2003.12.27 00:19 B C:\Documents and Settings\Matrix\Desktop\dl\lib\world\shp\68.shp --> ftp.thefitz.homelinux.net /home/dharkmud/dl/lib/world/shp 68.shp
2003.12.27 00:19 B C:\Documents and Settings\Matrix\Desktop\dl\lib\world\shp\91.shp --> ftp.thefitz.homelinux.net /home/dharkmud/dl/lib/world/shp 91.shp
2003.12.27 00:19 B C:\Documents and Settings\Matrix\Desktop\dl\lib\world\shp\92.shp --> ftp.thefitz.homelinux.net /home/dharkmud/dl/lib/world/shp 92.shp
2003.12.27 00:19 B C:\Documents and Settings\Matrix\Desktop\dl\lib\world\shp\95.shp --> ftp.thefitz.homelinux.net /home/dharkmud/dl/lib/world/shp 95.shp
2003.12.27 00:19 B C:\Documents and Settings\Matrix\Desktop\dl\lib\world\shp\96.shp --> ftp.thefitz.homelinux.net /home/dharkmud/dl/lib/world/shp 96.shp
2003.12.27 00:19 B C:\Documents and Settings\Matrix\Desktop\dl\lib\world\shp\97.shp --> ftp.thefitz.homelinux.net /home/dharkmud/dl/lib/world/shp 97.shp
2003.12.27 00:19 B C:\Documents and Settings\Matrix\Desktop\dl\lib\world\shp\index --> ftp.thefitz.homelinux.net /home/dharkmud/dl/lib/world/shp index
2003.12.27 00:19 B C:\Documents and Settings\Matrix\Desktop\dl\lib\world\shp\index.mini --> ftp.thefitz.homelinux.net /home/dharkmud/dl/lib/world/shp index.mini
2003.12.27 00:19 B C:\Documents and Settings\Matrix\Desktop\dl\lib\world\shp\WS_FTP.LOG --> ftp.thefitz.homelinux.net /home/dharkmud/dl/lib/world/shp WS_FTP.LOG
2003.12.27 15:54 B C:\Documents and Settings\Matrix\Desktop\dl\lib\world\shp\1.shp --> ftp.spunge.org /home3/mayhem42/dl/lib/world/shp 1.shp
2003.12.27 15:54 B C:\Documents and Settings\Matrix\Desktop\dl\lib\world\shp\101.shp --> ftp.spunge.org /home3/mayhem42/dl/lib/world/shp 101.shp
2003.12.27 15:55 B C:\Documents and Settings\Matrix\Desktop\dl\lib\world\shp\120.shp --> ftp.spunge.org /home3/mayhem42/dl/lib/world/shp 120.shp
2003.12.27 15:55 B C:\Documents and Settings\Matrix\Desktop\dl\lib\world\shp\141.shp --> ftp.spunge.org /home3/mayhem42/dl/lib/world/shp 141.shp
2003.12.27 15:55 B C:\Documents and Settings\Matrix\Desktop\dl\lib\world\shp\150.shp --> ftp.spunge.org /home3/mayhem42/dl/lib/world/shp 150.shp
2003.12.27 15:55 B C:\Documents and Settings\Matrix\Desktop\dl\lib\world\shp\210.shp --> ftp.spunge.org /home3/mayhem42/dl/lib/world/shp 210.shp
2003.12.27 15:55 B C:\Documents and Settings\Matrix\Desktop\dl\lib\world\shp\223.shp --> ftp.spunge.org /home3/mayhem42/dl/lib/world/shp 223.shp
2003.12.27 15:55 B C:\Documents and Settings\Matrix\Desktop\dl\lib\world\shp\224.shp --> ftp.spunge.org /home3/mayhem42/dl/lib/world/shp 224.shp
2003.12.27 15:55 B C:\Documents and Settings\Matrix\Desktop\dl\lib\world\shp\225.shp --> ftp.spunge.org /home3/mayhem42/dl/lib/world/shp 225.shp
2003.12.27 15:55 B C:\Documents and Settings\Matrix\Desktop\dl\lib\world\shp\226.shp --> ftp.spunge.org /home3/mayhem42/dl/lib/world/shp 226.shp
2003.12.27 15:55 B C:\Documents and Settings\Matrix\Desktop\dl\lib\world\shp\25.shp --> ftp.spunge.org /home3/mayhem42/dl/lib/world/shp 25.shp
2003.12.27 15:55 B C:\Documents and Settings\Matrix\Desktop\dl\lib\world\shp\296.shp --> ftp.spunge.org /home3/mayhem42/dl/lib/world/shp 296.shp
2003.12.27 15:55 B C:\Documents and Settings\Matrix\Desktop\dl\lib\world\shp\30.shp --> ftp.spunge.org /home3/mayhem42/dl/lib/world/shp 30.shp
2003.12.27 15:55 B C:\Documents and Settings\Matrix\Desktop\dl\lib\world\shp\31.shp --> ftp.spunge.org /home3/mayhem42/dl/lib/world/shp 31.shp
2003.12.27 15:55 B C:\Documents and Settings\Matrix\Desktop\dl\lib\world\shp\33.shp --> ftp.spunge.org /home3/mayhem42/dl/lib/world/shp 33.shp
2003.12.27 15:55 B C:\Documents and Settings\Matrix\Desktop\dl\lib\world\shp\54.shp --> ftp.spunge.org /home3/mayhem42/dl/lib/world/shp 54.shp
2003.12.27 15:55 B C:\Documents and Settings\Matrix\Desktop\dl\lib\world\shp\57.shp --> ftp.spunge.org /home3/mayhem42/dl/lib/world/shp 57.shp
2003.12.27 15:55 B C:\Documents and Settings\Matrix\Desktop\dl\lib\world\shp\58.shp --> ftp.spunge.org /home3/mayhem42/dl/lib/world/shp 58.shp
2003.12.27 15:55 B C:\Documents and Settings\Matrix\Desktop\dl\lib\world\shp\59.shp --> ftp.spunge.org /home3/mayhem42/dl/lib/world/shp 59.shp
2003.12.27 15:55 B C:\Documents and Settings\Matrix\Desktop\dl\lib\world\shp\60.shp --> ftp.spunge.org /home3/mayhem42/dl/lib/world/shp 60.shp
2003.12.27 15:55 B C:\Documents and Settings\Matrix\Desktop\dl\lib\world\shp\65.shp --> ftp.spunge.org /home3/mayhem42/dl/lib/world/shp 65.shp
2003.12.27 15:55 B C:\Documents and Settings\Matrix\Desktop\dl\lib\world\shp\66.shp --> ftp.spunge.org /home3/mayhem42/dl/lib/world/shp 66.shp
2003.12.27 15:55 B C:\Documents and Settings\Matrix\Desktop\dl\lib\world\shp\68.shp --> ftp.spunge.org /home3/mayhem42/dl/lib/world/shp 68.shp
2003.12.27 15:55 B C:\Documents and Settings\Matrix\Desktop\dl\lib\world\shp\91.shp --> ftp.spunge.org /home3/mayhem42/dl/lib/world/shp 91.shp
2003.12.27 15:55 B C:\Documents and Settings\Matrix\Desktop\dl\lib\world\shp\92.shp --> ftp.spunge.org /home3/mayhem42/dl/lib/world/shp 92.shp
2003.12.27 15:55 B C:\Documents and Settings\Matrix\Desktop\dl\lib\world\shp\95.shp --> ftp.spunge.org /home3/mayhem42/dl/lib/world/shp 95.shp
2003.12.27 15:55 B C:\Documents and Settings\Matrix\Desktop\dl\lib\world\shp\96.shp --> ftp.spunge.org /home3/mayhem42/dl/lib/world/shp 96.shp
2003.12.27 15:55 B C:\Documents and Settings\Matrix\Desktop\dl\lib\world\shp\97.shp --> ftp.spunge.org /home3/mayhem42/dl/lib/world/shp 97.shp
2003.12.27 15:55 B C:\Documents and Settings\Matrix\Desktop\dl\lib\world\shp\index --> ftp.spunge.org /home3/mayhem42/dl/lib/world/shp index
2003.12.27 15:55 B C:\Documents and Settings\Matrix\Desktop\dl\lib\world\shp\index.mini --> ftp.spunge.org /home3/mayhem42/dl/lib/world/shp index.mini
