2003.12.26 23:25 B C:\Documents and Settings\Matrix\Desktop\dl\lib\world\zon\0.zon <-- spunge.com /home3/mayhem42/dl/lib/world/zon 0.zon
2003.12.26 23:25 B C:\Documents and Settings\Matrix\Desktop\dl\lib\world\zon\1.zon <-- spunge.com /home3/mayhem42/dl/lib/world/zon 1.zon
2003.12.26 23:25 B C:\Documents and Settings\Matrix\Desktop\dl\lib\world\zon\101.zon <-- spunge.com /home3/mayhem42/dl/lib/world/zon 101.zon
2003.12.26 23:25 B C:\Documents and Settings\Matrix\Desktop\dl\lib\world\zon\12.zon <-- spunge.com /home3/mayhem42/dl/lib/world/zon 12.zon
2003.12.26 23:26 B C:\Documents and Settings\Matrix\Desktop\dl\lib\world\zon\120.zon <-- spunge.com /home3/mayhem42/dl/lib/world/zon 120.zon
2003.12.26 23:26 B C:\Documents and Settings\Matrix\Desktop\dl\lib\world\zon\141.zon <-- spunge.com /home3/mayhem42/dl/lib/world/zon 141.zon
2003.12.26 23:26 B C:\Documents and Settings\Matrix\Desktop\dl\lib\world\zon\15.zon <-- spunge.com /home3/mayhem42/dl/lib/world/zon 15.zon
2003.12.26 23:26 B C:\Documents and Settings\Matrix\Desktop\dl\lib\world\zon\150.zon <-- spunge.com /home3/mayhem42/dl/lib/world/zon 150.zon
2003.12.26 23:26 B C:\Documents and Settings\Matrix\Desktop\dl\lib\world\zon\170.zon <-- spunge.com /home3/mayhem42/dl/lib/world/zon 170.zon
2003.12.26 23:26 B C:\Documents and Settings\Matrix\Desktop\dl\lib\world\zon\186.zon <-- spunge.com /home3/mayhem42/dl/lib/world/zon 186.zon
2003.12.26 23:26 B C:\Documents and Settings\Matrix\Desktop\dl\lib\world\zon\210.zon <-- spunge.com /home3/mayhem42/dl/lib/world/zon 210.zon
2003.12.26 23:26 B C:\Documents and Settings\Matrix\Desktop\dl\lib\world\zon\220.zon <-- spunge.com /home3/mayhem42/dl/lib/world/zon 220.zon
2003.12.26 23:26 B C:\Documents and Settings\Matrix\Desktop\dl\lib\world\zon\221.zon <-- spunge.com /home3/mayhem42/dl/lib/world/zon 221.zon
2003.12.26 23:26 B C:\Documents and Settings\Matrix\Desktop\dl\lib\world\zon\222.zon <-- spunge.com /home3/mayhem42/dl/lib/world/zon 222.zon
2003.12.26 23:26 B C:\Documents and Settings\Matrix\Desktop\dl\lib\world\zon\223.zon <-- spunge.com /home3/mayhem42/dl/lib/world/zon 223.zon
2003.12.26 23:26 B C:\Documents and Settings\Matrix\Desktop\dl\lib\world\zon\224.zon <-- spunge.com /home3/mayhem42/dl/lib/world/zon 224.zon
2003.12.26 23:26 B C:\Documents and Settings\Matrix\Desktop\dl\lib\world\zon\225.zon <-- spunge.com /home3/mayhem42/dl/lib/world/zon 225.zon
2003.12.26 23:26 B C:\Documents and Settings\Matrix\Desktop\dl\lib\world\zon\226.zon <-- spunge.com /home3/mayhem42/dl/lib/world/zon 226.zon
2003.12.26 23:26 B C:\Documents and Settings\Matrix\Desktop\dl\lib\world\zon\25.zon <-- spunge.com /home3/mayhem42/dl/lib/world/zon 25.zon
2003.12.26 23:26 B C:\Documents and Settings\Matrix\Desktop\dl\lib\world\zon\26.zon <-- spunge.com /home3/mayhem42/dl/lib/world/zon 26.zon
2003.12.26 23:26 B C:\Documents and Settings\Matrix\Desktop\dl\lib\world\zon\296.zon <-- spunge.com /home3/mayhem42/dl/lib/world/zon 296.zon
2003.12.26 23:26 B C:\Documents and Settings\Matrix\Desktop\dl\lib\world\zon\30.zon <-- spunge.com /home3/mayhem42/dl/lib/world/zon 30.zon
2003.12.26 23:26 B C:\Documents and Settings\Matrix\Desktop\dl\lib\world\zon\31.zon <-- spunge.com /home3/mayhem42/dl/lib/world/zon 31.zon
2003.12.26 23:26 B C:\Documents and Settings\Matrix\Desktop\dl\lib\world\zon\32.zon <-- spunge.com /home3/mayhem42/dl/lib/world/zon 32.zon
2003.12.26 23:26 B C:\Documents and Settings\Matrix\Desktop\dl\lib\world\zon\33.zon <-- spunge.com /home3/mayhem42/dl/lib/world/zon 33.zon
2003.12.26 23:26 B C:\Documents and Settings\Matrix\Desktop\dl\lib\world\zon\35.zon <-- spunge.com /home3/mayhem42/dl/lib/world/zon 35.zon
2003.12.26 23:26 B C:\Documents and Settings\Matrix\Desktop\dl\lib\world\zon\36.zon <-- spunge.com /home3/mayhem42/dl/lib/world/zon 36.zon
2003.12.26 23:26 B C:\Documents and Settings\Matrix\Desktop\dl\lib\world\zon\40.zon <-- spunge.com /home3/mayhem42/dl/lib/world/zon 40.zon
2003.12.26 23:26 B C:\Documents and Settings\Matrix\Desktop\dl\lib\world\zon\41.zon <-- spunge.com /home3/mayhem42/dl/lib/world/zon 41.zon
2003.12.26 23:26 B C:\Documents and Settings\Matrix\Desktop\dl\lib\world\zon\50.zon <-- spunge.com /home3/mayhem42/dl/lib/world/zon 50.zon
2003.12.26 23:26 B C:\Documents and Settings\Matrix\Desktop\dl\lib\world\zon\51.zon <-- spunge.com /home3/mayhem42/dl/lib/world/zon 51.zon
2003.12.26 23:26 B C:\Documents and Settings\Matrix\Desktop\dl\lib\world\zon\52.zon <-- spunge.com /home3/mayhem42/dl/lib/world/zon 52.zon
2003.12.26 23:26 B C:\Documents and Settings\Matrix\Desktop\dl\lib\world\zon\53.zon <-- spunge.com /home3/mayhem42/dl/lib/world/zon 53.zon
2003.12.26 23:26 B C:\Documents and Settings\Matrix\Desktop\dl\lib\world\zon\54.zon <-- spunge.com /home3/mayhem42/dl/lib/world/zon 54.zon
2003.12.26 23:26 B C:\Documents and Settings\Matrix\Desktop\dl\lib\world\zon\55.zon <-- spunge.com /home3/mayhem42/dl/lib/world/zon 55.zon
2003.12.26 23:26 B C:\Documents and Settings\Matrix\Desktop\dl\lib\world\zon\56.zon <-- spunge.com /home3/mayhem42/dl/lib/world/zon 56.zon
2003.12.26 23:26 B C:\Documents and Settings\Matrix\Desktop\dl\lib\world\zon\57.zon <-- spunge.com /home3/mayhem42/dl/lib/world/zon 57.zon
2003.12.26 23:26 B C:\Documents and Settings\Matrix\Desktop\dl\lib\world\zon\58.zon <-- spunge.com /home3/mayhem42/dl/lib/world/zon 58.zon
2003.12.26 23:26 B C:\Documents and Settings\Matrix\Desktop\dl\lib\world\zon\59.zon <-- spunge.com /home3/mayhem42/dl/lib/world/zon 59.zon
2003.12.26 23:26 B C:\Documents and Settings\Matrix\Desktop\dl\lib\world\zon\60.zon <-- spunge.com /home3/mayhem42/dl/lib/world/zon 60.zon
2003.12.26 23:27 B C:\Documents and Settings\Matrix\Desktop\dl\lib\world\zon\61.zon <-- spunge.com /home3/mayhem42/dl/lib/world/zon 61.zon
2003.12.26 23:27 B C:\Documents and Settings\Matrix\Desktop\dl\lib\world\zon\62.zon <-- spunge.com /home3/mayhem42/dl/lib/world/zon 62.zon
2003.12.26 23:27 B C:\Documents and Settings\Matrix\Desktop\dl\lib\world\zon\63.zon <-- spunge.com /home3/mayhem42/dl/lib/world/zon 63.zon
2003.12.26 23:27 B C:\Documents and Settings\Matrix\Desktop\dl\lib\world\zon\64.zon <-- spunge.com /home3/mayhem42/dl/lib/world/zon 64.zon
2003.12.26 23:27 B C:\Documents and Settings\Matrix\Desktop\dl\lib\world\zon\65.zon <-- spunge.com /home3/mayhem42/dl/lib/world/zon 65.zon
2003.12.26 23:27 B C:\Documents and Settings\Matrix\Desktop\dl\lib\world\zon\66.zon <-- spunge.com /home3/mayhem42/dl/lib/world/zon 66.zon
2003.12.26 23:27 B C:\Documents and Settings\Matrix\Desktop\dl\lib\world\zon\68.zon <-- spunge.com /home3/mayhem42/dl/lib/world/zon 68.zon
2003.12.26 23:27 B C:\Documents and Settings\Matrix\Desktop\dl\lib\world\zon\70.zon <-- spunge.com /home3/mayhem42/dl/lib/world/zon 70.zon
2003.12.26 23:27 B C:\Documents and Settings\Matrix\Desktop\dl\lib\world\zon\71.zon <-- spunge.com /home3/mayhem42/dl/lib/world/zon 71.zon
2003.12.26 23:27 B C:\Documents and Settings\Matrix\Desktop\dl\lib\world\zon\72.zon <-- spunge.com /home3/mayhem42/dl/lib/world/zon 72.zon
2003.12.26 23:27 B C:\Documents and Settings\Matrix\Desktop\dl\lib\world\zon\73.zon <-- spunge.com /home3/mayhem42/dl/lib/world/zon 73.zon
2003.12.26 23:27 B C:\Documents and Settings\Matrix\Desktop\dl\lib\world\zon\79.zon <-- spunge.com /home3/mayhem42/dl/lib/world/zon 79.zon
2003.12.26 23:27 B C:\Documents and Settings\Matrix\Desktop\dl\lib\world\zon\9.zon <-- spunge.com /home3/mayhem42/dl/lib/world/zon 9.zon
2003.12.26 23:27 B C:\Documents and Settings\Matrix\Desktop\dl\lib\world\zon\90.zon <-- spunge.com /home3/mayhem42/dl/lib/world/zon 90.zon
2003.12.26 23:27 B C:\Documents and Settings\Matrix\Desktop\dl\lib\world\zon\91.zon <-- spunge.com /home3/mayhem42/dl/lib/world/zon 91.zon
2003.12.26 23:27 B C:\Documents and Settings\Matrix\Desktop\dl\lib\world\zon\92.zon <-- spunge.com /home3/mayhem42/dl/lib/world/zon 92.zon
2003.12.26 23:27 B C:\Documents and Settings\Matrix\Desktop\dl\lib\world\zon\95.zon <-- spunge.com /home3/mayhem42/dl/lib/world/zon 95.zon
2003.12.26 23:27 B C:\Documents and Settings\Matrix\Desktop\dl\lib\world\zon\96.zon <-- spunge.com /home3/mayhem42/dl/lib/world/zon 96.zon
2003.12.26 23:27 B C:\Documents and Settings\Matrix\Desktop\dl\lib\world\zon\97.zon <-- spunge.com /home3/mayhem42/dl/lib/world/zon 97.zon
2003.12.26 23:27 B C:\Documents and Settings\Matrix\Desktop\dl\lib\world\zon\index <-- spunge.com /home3/mayhem42/dl/lib/world/zon index
2003.12.26 23:27 B C:\Documents and Settings\Matrix\Desktop\dl\lib\world\zon\index.mini <-- spunge.com /home3/mayhem42/dl/lib/world/zon index.mini
2003.12.27 00:25 B C:\Documents and Settings\Matrix\Desktop\dl\lib\world\zon\0.zon --> ftp.thefitz.homelinux.net /home/dharkmud/dl/lib/world/zon 0.zon
2003.12.27 00:25 B C:\Documents and Settings\Matrix\Desktop\dl\lib\world\zon\1.zon --> ftp.thefitz.homelinux.net /home/dharkmud/dl/lib/world/zon 1.zon
2003.12.27 00:25 B C:\Documents and Settings\Matrix\Desktop\dl\lib\world\zon\101.zon --> ftp.thefitz.homelinux.net /home/dharkmud/dl/lib/world/zon 101.zon
2003.12.27 00:25 B C:\Documents and Settings\Matrix\Desktop\dl\lib\world\zon\12.zon --> ftp.thefitz.homelinux.net /home/dharkmud/dl/lib/world/zon 12.zon
2003.12.27 00:25 B C:\Documents and Settings\Matrix\Desktop\dl\lib\world\zon\120.zon --> ftp.thefitz.homelinux.net /home/dharkmud/dl/lib/world/zon 120.zon
2003.12.27 00:25 B C:\Documents and Settings\Matrix\Desktop\dl\lib\world\zon\141.zon --> ftp.thefitz.homelinux.net /home/dharkmud/dl/lib/world/zon 141.zon
2003.12.27 00:25 B C:\Documents and Settings\Matrix\Desktop\dl\lib\world\zon\15.zon --> ftp.thefitz.homelinux.net /home/dharkmud/dl/lib/world/zon 15.zon
2003.12.27 00:25 B C:\Documents and Settings\Matrix\Desktop\dl\lib\world\zon\150.zon --> ftp.thefitz.homelinux.net /home/dharkmud/dl/lib/world/zon 150.zon
2003.12.27 00:25 B C:\Documents and Settings\Matrix\Desktop\dl\lib\world\zon\170.zon --> ftp.thefitz.homelinux.net /home/dharkmud/dl/lib/world/zon 170.zon
2003.12.27 00:25 B C:\Documents and Settings\Matrix\Desktop\dl\lib\world\zon\186.zon --> ftp.thefitz.homelinux.net /home/dharkmud/dl/lib/world/zon 186.zon
2003.12.27 00:25 B C:\Documents and Settings\Matrix\Desktop\dl\lib\world\zon\210.zon --> ftp.thefitz.homelinux.net /home/dharkmud/dl/lib/world/zon 210.zon
2003.12.27 00:25 B C:\Documents and Settings\Matrix\Desktop\dl\lib\world\zon\220.zon --> ftp.thefitz.homelinux.net /home/dharkmud/dl/lib/world/zon 220.zon
2003.12.27 00:25 B C:\Documents and Settings\Matrix\Desktop\dl\lib\world\zon\221.zon --> ftp.thefitz.homelinux.net /home/dharkmud/dl/lib/world/zon 221.zon
2003.12.27 00:25 B C:\Documents and Settings\Matrix\Desktop\dl\lib\world\zon\222.zon --> ftp.thefitz.homelinux.net /home/dharkmud/dl/lib/world/zon 222.zon
2003.12.27 00:25 B C:\Documents and Settings\Matrix\Desktop\dl\lib\world\zon\223.zon --> ftp.thefitz.homelinux.net /home/dharkmud/dl/lib/world/zon 223.zon
2003.12.27 00:25 B C:\Documents and Settings\Matrix\Desktop\dl\lib\world\zon\224.zon --> ftp.thefitz.homelinux.net /home/dharkmud/dl/lib/world/zon 224.zon
2003.12.27 00:25 B C:\Documents and Settings\Matrix\Desktop\dl\lib\world\zon\225.zon --> ftp.thefitz.homelinux.net /home/dharkmud/dl/lib/world/zon 225.zon
2003.12.27 00:25 B C:\Documents and Settings\Matrix\Desktop\dl\lib\world\zon\226.zon --> ftp.thefitz.homelinux.net /home/dharkmud/dl/lib/world/zon 226.zon
2003.12.27 00:25 B C:\Documents and Settings\Matrix\Desktop\dl\lib\world\zon\25.zon --> ftp.thefitz.homelinux.net /home/dharkmud/dl/lib/world/zon 25.zon
2003.12.27 00:25 B C:\Documents and Settings\Matrix\Desktop\dl\lib\world\zon\26.zon --> ftp.thefitz.homelinux.net /home/dharkmud/dl/lib/world/zon 26.zon
2003.12.27 00:25 B C:\Documents and Settings\Matrix\Desktop\dl\lib\world\zon\296.zon --> ftp.thefitz.homelinux.net /home/dharkmud/dl/lib/world/zon 296.zon
2003.12.27 00:26 B C:\Documents and Settings\Matrix\Desktop\dl\lib\world\zon\30.zon --> ftp.thefitz.homelinux.net /home/dharkmud/dl/lib/world/zon 30.zon
2003.12.27 00:26 B C:\Documents and Settings\Matrix\Desktop\dl\lib\world\zon\31.zon --> ftp.thefitz.homelinux.net /home/dharkmud/dl/lib/world/zon 31.zon
2003.12.27 00:26 B C:\Documents and Settings\Matrix\Desktop\dl\lib\world\zon\32.zon --> ftp.thefitz.homelinux.net /home/dharkmud/dl/lib/world/zon 32.zon
2003.12.27 00:26 B C:\Documents and Settings\Matrix\Desktop\dl\lib\world\zon\33.zon --> ftp.thefitz.homelinux.net /home/dharkmud/dl/lib/world/zon 33.zon
2003.12.27 00:26 B C:\Documents and Settings\Matrix\Desktop\dl\lib\world\zon\35.zon --> ftp.thefitz.homelinux.net /home/dharkmud/dl/lib/world/zon 35.zon
2003.12.27 00:26 B C:\Documents and Settings\Matrix\Desktop\dl\lib\world\zon\36.zon --> ftp.thefitz.homelinux.net /home/dharkmud/dl/lib/world/zon 36.zon
2003.12.27 00:26 B C:\Documents and Settings\Matrix\Desktop\dl\lib\world\zon\40.zon --> ftp.thefitz.homelinux.net /home/dharkmud/dl/lib/world/zon 40.zon
2003.12.27 00:26 B C:\Documents and Settings\Matrix\Desktop\dl\lib\world\zon\41.zon --> ftp.thefitz.homelinux.net /home/dharkmud/dl/lib/world/zon 41.zon
2003.12.27 00:26 B C:\Documents and Settings\Matrix\Desktop\dl\lib\world\zon\50.zon --> ftp.thefitz.homelinux.net /home/dharkmud/dl/lib/world/zon 50.zon
2003.12.27 00:26 B C:\Documents and Settings\Matrix\Desktop\dl\lib\world\zon\51.zon --> ftp.thefitz.homelinux.net /home/dharkmud/dl/lib/world/zon 51.zon
2003.12.27 00:26 B C:\Documents and Settings\Matrix\Desktop\dl\lib\world\zon\52.zon --> ftp.thefitz.homelinux.net /home/dharkmud/dl/lib/world/zon 52.zon
2003.12.27 00:26 B C:\Documents and Settings\Matrix\Desktop\dl\lib\world\zon\53.zon --> ftp.thefitz.homelinux.net /home/dharkmud/dl/lib/world/zon 53.zon
2003.12.27 00:26 B C:\Documents and Settings\Matrix\Desktop\dl\lib\world\zon\54.zon --> ftp.thefitz.homelinux.net /home/dharkmud/dl/lib/world/zon 54.zon
2003.12.27 00:26 B C:\Documents and Settings\Matrix\Desktop\dl\lib\world\zon\55.zon --> ftp.thefitz.homelinux.net /home/dharkmud/dl/lib/world/zon 55.zon
2003.12.27 00:26 B C:\Documents and Settings\Matrix\Desktop\dl\lib\world\zon\56.zon --> ftp.thefitz.homelinux.net /home/dharkmud/dl/lib/world/zon 56.zon
2003.12.27 00:26 B C:\Documents and Settings\Matrix\Desktop\dl\lib\world\zon\57.zon --> ftp.thefitz.homelinux.net /home/dharkmud/dl/lib/world/zon 57.zon
2003.12.27 00:26 B C:\Documents and Settings\Matrix\Desktop\dl\lib\world\zon\58.zon --> ftp.thefitz.homelinux.net /home/dharkmud/dl/lib/world/zon 58.zon
2003.12.27 00:26 B C:\Documents and Settings\Matrix\Desktop\dl\lib\world\zon\59.zon --> ftp.thefitz.homelinux.net /home/dharkmud/dl/lib/world/zon 59.zon
2003.12.27 00:26 B C:\Documents and Settings\Matrix\Desktop\dl\lib\world\zon\60.zon --> ftp.thefitz.homelinux.net /home/dharkmud/dl/lib/world/zon 60.zon
2003.12.27 00:26 B C:\Documents and Settings\Matrix\Desktop\dl\lib\world\zon\61.zon --> ftp.thefitz.homelinux.net /home/dharkmud/dl/lib/world/zon 61.zon
2003.12.27 00:26 B C:\Documents and Settings\Matrix\Desktop\dl\lib\world\zon\62.zon --> ftp.thefitz.homelinux.net /home/dharkmud/dl/lib/world/zon 62.zon
2003.12.27 00:26 B C:\Documents and Settings\Matrix\Desktop\dl\lib\world\zon\63.zon --> ftp.thefitz.homelinux.net /home/dharkmud/dl/lib/world/zon 63.zon
2003.12.27 00:26 B C:\Documents and Settings\Matrix\Desktop\dl\lib\world\zon\64.zon --> ftp.thefitz.homelinux.net /home/dharkmud/dl/lib/world/zon 64.zon
2003.12.27 00:26 B C:\Documents and Settings\Matrix\Desktop\dl\lib\world\zon\65.zon --> ftp.thefitz.homelinux.net /home/dharkmud/dl/lib/world/zon 65.zon
2003.12.27 00:26 B C:\Documents and Settings\Matrix\Desktop\dl\lib\world\zon\66.zon --> ftp.thefitz.homelinux.net /home/dharkmud/dl/lib/world/zon 66.zon
2003.12.27 00:26 B C:\Documents and Settings\Matrix\Desktop\dl\lib\world\zon\68.zon --> ftp.thefitz.homelinux.net /home/dharkmud/dl/lib/world/zon 68.zon
2003.12.27 00:26 B C:\Documents and Settings\Matrix\Desktop\dl\lib\world\zon\70.zon --> ftp.thefitz.homelinux.net /home/dharkmud/dl/lib/world/zon 70.zon
2003.12.27 00:26 B C:\Documents and Settings\Matrix\Desktop\dl\lib\world\zon\71.zon --> ftp.thefitz.homelinux.net /home/dharkmud/dl/lib/world/zon 71.zon
2003.12.27 00:26 B C:\Documents and Settings\Matrix\Desktop\dl\lib\world\zon\72.zon --> ftp.thefitz.homelinux.net /home/dharkmud/dl/lib/world/zon 72.zon
2003.12.27 00:26 B C:\Documents and Settings\Matrix\Desktop\dl\lib\world\zon\73.zon --> ftp.thefitz.homelinux.net /home/dharkmud/dl/lib/world/zon 73.zon
2003.12.27 00:26 B C:\Documents and Settings\Matrix\Desktop\dl\lib\world\zon\79.zon --> ftp.thefitz.homelinux.net /home/dharkmud/dl/lib/world/zon 79.zon
2003.12.27 00:26 B C:\Documents and Settings\Matrix\Desktop\dl\lib\world\zon\9.zon --> ftp.thefitz.homelinux.net /home/dharkmud/dl/lib/world/zon 9.zon
2003.12.27 00:26 B C:\Documents and Settings\Matrix\Desktop\dl\lib\world\zon\90.zon --> ftp.thefitz.homelinux.net /home/dharkmud/dl/lib/world/zon 90.zon
2003.12.27 00:26 B C:\Documents and Settings\Matrix\Desktop\dl\lib\world\zon\91.zon --> ftp.thefitz.homelinux.net /home/dharkmud/dl/lib/world/zon 91.zon
2003.12.27 00:26 B C:\Documents and Settings\Matrix\Desktop\dl\lib\world\zon\92.zon --> ftp.thefitz.homelinux.net /home/dharkmud/dl/lib/world/zon 92.zon
2003.12.27 00:26 B C:\Documents and Settings\Matrix\Desktop\dl\lib\world\zon\95.zon --> ftp.thefitz.homelinux.net /home/dharkmud/dl/lib/world/zon 95.zon
2003.12.27 00:26 B C:\Documents and Settings\Matrix\Desktop\dl\lib\world\zon\96.zon --> ftp.thefitz.homelinux.net /home/dharkmud/dl/lib/world/zon 96.zon
2003.12.27 00:26 B C:\Documents and Settings\Matrix\Desktop\dl\lib\world\zon\97.zon --> ftp.thefitz.homelinux.net /home/dharkmud/dl/lib/world/zon 97.zon
2003.12.27 00:26 B C:\Documents and Settings\Matrix\Desktop\dl\lib\world\zon\index --> ftp.thefitz.homelinux.net /home/dharkmud/dl/lib/world/zon index
2003.12.27 00:26 B C:\Documents and Settings\Matrix\Desktop\dl\lib\world\zon\index.mini --> ftp.thefitz.homelinux.net /home/dharkmud/dl/lib/world/zon index.mini
2003.12.27 00:26 B C:\Documents and Settings\Matrix\Desktop\dl\lib\world\zon\WS_FTP.LOG --> ftp.thefitz.homelinux.net /home/dharkmud/dl/lib/world/zon WS_FTP.LOG
2003.12.27 16:01 B C:\Documents and Settings\Matrix\Desktop\dl\lib\world\zon\0.zon --> ftp.spunge.org /home3/mayhem42/dl/lib/world/zon 0.zon
2003.12.27 16:01 B C:\Documents and Settings\Matrix\Desktop\dl\lib\world\zon\1.zon --> ftp.spunge.org /home3/mayhem42/dl/lib/world/zon 1.zon
2003.12.27 16:01 B C:\Documents and Settings\Matrix\Desktop\dl\lib\world\zon\101.zon --> ftp.spunge.org /home3/mayhem42/dl/lib/world/zon 101.zon
2003.12.27 16:01 B C:\Documents and Settings\Matrix\Desktop\dl\lib\world\zon\12.zon --> ftp.spunge.org /home3/mayhem42/dl/lib/world/zon 12.zon
2003.12.27 16:01 B C:\Documents and Settings\Matrix\Desktop\dl\lib\world\zon\120.zon --> ftp.spunge.org /home3/mayhem42/dl/lib/world/zon 120.zon
2003.12.27 16:01 B C:\Documents and Settings\Matrix\Desktop\dl\lib\world\zon\141.zon --> ftp.spunge.org /home3/mayhem42/dl/lib/world/zon 141.zon
2003.12.27 16:01 B C:\Documents and Settings\Matrix\Desktop\dl\lib\world\zon\15.zon --> ftp.spunge.org /home3/mayhem42/dl/lib/world/zon 15.zon
2003.12.27 16:01 B C:\Documents and Settings\Matrix\Desktop\dl\lib\world\zon\150.zon --> ftp.spunge.org /home3/mayhem42/dl/lib/world/zon 150.zon
2003.12.27 16:01 B C:\Documents and Settings\Matrix\Desktop\dl\lib\world\zon\170.zon --> ftp.spunge.org /home3/mayhem42/dl/lib/world/zon 170.zon
2003.12.27 16:01 B C:\Documents and Settings\Matrix\Desktop\dl\lib\world\zon\186.zon --> ftp.spunge.org /home3/mayhem42/dl/lib/world/zon 186.zon
2003.12.27 16:01 B C:\Documents and Settings\Matrix\Desktop\dl\lib\world\zon\210.zon --> ftp.spunge.org /home3/mayhem42/dl/lib/world/zon 210.zon
2003.12.27 16:01 B C:\Documents and Settings\Matrix\Desktop\dl\lib\world\zon\220.zon --> ftp.spunge.org /home3/mayhem42/dl/lib/world/zon 220.zon
2003.12.27 16:01 B C:\Documents and Settings\Matrix\Desktop\dl\lib\world\zon\221.zon --> ftp.spunge.org /home3/mayhem42/dl/lib/world/zon 221.zon
2003.12.27 16:01 B C:\Documents and Settings\Matrix\Desktop\dl\lib\world\zon\222.zon --> ftp.spunge.org /home3/mayhem42/dl/lib/world/zon 222.zon
2003.12.27 16:02 B C:\Documents and Settings\Matrix\Desktop\dl\lib\world\zon\223.zon --> ftp.spunge.org /home3/mayhem42/dl/lib/world/zon 223.zon
2003.12.27 16:02 B C:\Documents and Settings\Matrix\Desktop\dl\lib\world\zon\224.zon --> ftp.spunge.org /home3/mayhem42/dl/lib/world/zon 224.zon
2003.12.27 16:02 B C:\Documents and Settings\Matrix\Desktop\dl\lib\world\zon\225.zon --> ftp.spunge.org /home3/mayhem42/dl/lib/world/zon 225.zon
2003.12.27 16:02 B C:\Documents and Settings\Matrix\Desktop\dl\lib\world\zon\226.zon --> ftp.spunge.org /home3/mayhem42/dl/lib/world/zon 226.zon
2003.12.27 16:02 B C:\Documents and Settings\Matrix\Desktop\dl\lib\world\zon\25.zon --> ftp.spunge.org /home3/mayhem42/dl/lib/world/zon 25.zon
2003.12.27 16:02 B C:\Documents and Settings\Matrix\Desktop\dl\lib\world\zon\26.zon --> ftp.spunge.org /home3/mayhem42/dl/lib/world/zon 26.zon
2003.12.27 16:02 B C:\Documents and Settings\Matrix\Desktop\dl\lib\world\zon\296.zon --> ftp.spunge.org /home3/mayhem42/dl/lib/world/zon 296.zon
2003.12.27 16:02 B C:\Documents and Settings\Matrix\Desktop\dl\lib\world\zon\30.zon --> ftp.spunge.org /home3/mayhem42/dl/lib/world/zon 30.zon
2003.12.27 16:02 B C:\Documents and Settings\Matrix\Desktop\dl\lib\world\zon\31.zon --> ftp.spunge.org /home3/mayhem42/dl/lib/world/zon 31.zon
2003.12.27 16:02 B C:\Documents and Settings\Matrix\Desktop\dl\lib\world\zon\32.zon --> ftp.spunge.org /home3/mayhem42/dl/lib/world/zon 32.zon
2003.12.27 16:02 B C:\Documents and Settings\Matrix\Desktop\dl\lib\world\zon\33.zon --> ftp.spunge.org /home3/mayhem42/dl/lib/world/zon 33.zon
2003.12.27 16:02 B C:\Documents and Settings\Matrix\Desktop\dl\lib\world\zon\35.zon --> ftp.spunge.org /home3/mayhem42/dl/lib/world/zon 35.zon
2003.12.27 16:02 B C:\Documents and Settings\Matrix\Desktop\dl\lib\world\zon\36.zon --> ftp.spunge.org /home3/mayhem42/dl/lib/world/zon 36.zon
2003.12.27 16:02 B C:\Documents and Settings\Matrix\Desktop\dl\lib\world\zon\40.zon --> ftp.spunge.org /home3/mayhem42/dl/lib/world/zon 40.zon
2003.12.27 16:02 B C:\Documents and Settings\Matrix\Desktop\dl\lib\world\zon\41.zon --> ftp.spunge.org /home3/mayhem42/dl/lib/world/zon 41.zon
2003.12.27 16:02 B C:\Documents and Settings\Matrix\Desktop\dl\lib\world\zon\50.zon --> ftp.spunge.org /home3/mayhem42/dl/lib/world/zon 50.zon
2003.12.27 16:02 B C:\Documents and Settings\Matrix\Desktop\dl\lib\world\zon\51.zon --> ftp.spunge.org /home3/mayhem42/dl/lib/world/zon 51.zon
2003.12.27 16:02 B C:\Documents and Settings\Matrix\Desktop\dl\lib\world\zon\52.zon --> ftp.spunge.org /home3/mayhem42/dl/lib/world/zon 52.zon
2003.12.27 16:02 B C:\Documents and Settings\Matrix\Desktop\dl\lib\world\zon\53.zon --> ftp.spunge.org /home3/mayhem42/dl/lib/world/zon 53.zon
2003.12.27 16:02 B C:\Documents and Settings\Matrix\Desktop\dl\lib\world\zon\54.zon --> ftp.spunge.org /home3/mayhem42/dl/lib/world/zon 54.zon
2003.12.27 16:02 B C:\Documents and Settings\Matrix\Desktop\dl\lib\world\zon\55.zon --> ftp.spunge.org /home3/mayhem42/dl/lib/world/zon 55.zon
2003.12.27 16:02 B C:\Documents and Settings\Matrix\Desktop\dl\lib\world\zon\56.zon --> ftp.spunge.org /home3/mayhem42/dl/lib/world/zon 56.zon
2003.12.27 16:02 B C:\Documents and Settings\Matrix\Desktop\dl\lib\world\zon\57.zon --> ftp.spunge.org /home3/mayhem42/dl/lib/world/zon 57.zon
2003.12.27 16:02 B C:\Documents and Settings\Matrix\Desktop\dl\lib\world\zon\58.zon --> ftp.spunge.org /home3/mayhem42/dl/lib/world/zon 58.zon
2003.12.27 16:02 B C:\Documents and Settings\Matrix\Desktop\dl\lib\world\zon\59.zon --> ftp.spunge.org /home3/mayhem42/dl/lib/world/zon 59.zon
2003.12.27 16:02 B C:\Documents and Settings\Matrix\Desktop\dl\lib\world\zon\60.zon --> ftp.spunge.org /home3/mayhem42/dl/lib/world/zon 60.zon
2003.12.27 16:02 B C:\Documents and Settings\Matrix\Desktop\dl\lib\world\zon\61.zon --> ftp.spunge.org /home3/mayhem42/dl/lib/world/zon 61.zon
2003.12.27 16:02 B C:\Documents and Settings\Matrix\Desktop\dl\lib\world\zon\62.zon --> ftp.spunge.org /home3/mayhem42/dl/lib/world/zon 62.zon
2003.12.27 16:02 B C:\Documents and Settings\Matrix\Desktop\dl\lib\world\zon\63.zon --> ftp.spunge.org /home3/mayhem42/dl/lib/world/zon 63.zon
2003.12.27 16:02 B C:\Documents and Settings\Matrix\Desktop\dl\lib\world\zon\64.zon --> ftp.spunge.org /home3/mayhem42/dl/lib/world/zon 64.zon
2003.12.27 16:02 B C:\Documents and Settings\Matrix\Desktop\dl\lib\world\zon\65.zon --> ftp.spunge.org /home3/mayhem42/dl/lib/world/zon 65.zon
2003.12.27 16:02 B C:\Documents and Settings\Matrix\Desktop\dl\lib\world\zon\66.zon --> ftp.spunge.org /home3/mayhem42/dl/lib/world/zon 66.zon
2003.12.27 16:02 B C:\Documents and Settings\Matrix\Desktop\dl\lib\world\zon\68.zon --> ftp.spunge.org /home3/mayhem42/dl/lib/world/zon 68.zon
2003.12.27 16:02 B C:\Documents and Settings\Matrix\Desktop\dl\lib\world\zon\70.zon --> ftp.spunge.org /home3/mayhem42/dl/lib/world/zon 70.zon
2003.12.27 16:02 B C:\Documents and Settings\Matrix\Desktop\dl\lib\world\zon\71.zon --> ftp.spunge.org /home3/mayhem42/dl/lib/world/zon 71.zon
2003.12.27 16:02 B C:\Documents and Settings\Matrix\Desktop\dl\lib\world\zon\72.zon --> ftp.spunge.org /home3/mayhem42/dl/lib/world/zon 72.zon
2003.12.27 16:02 B C:\Documents and Settings\Matrix\Desktop\dl\lib\world\zon\73.zon --> ftp.spunge.org /home3/mayhem42/dl/lib/world/zon 73.zon
2003.12.27 16:02 B C:\Documents and Settings\Matrix\Desktop\dl\lib\world\zon\79.zon --> ftp.spunge.org /home3/mayhem42/dl/lib/world/zon 79.zon
2003.12.27 16:02 B C:\Documents and Settings\Matrix\Desktop\dl\lib\world\zon\9.zon --> ftp.spunge.org /home3/mayhem42/dl/lib/world/zon 9.zon
2003.12.27 16:02 B C:\Documents and Settings\Matrix\Desktop\dl\lib\world\zon\90.zon --> ftp.spunge.org /home3/mayhem42/dl/lib/world/zon 90.zon
2003.12.27 16:02 B C:\Documents and Settings\Matrix\Desktop\dl\lib\world\zon\91.zon --> ftp.spunge.org /home3/mayhem42/dl/lib/world/zon 91.zon
2003.12.27 16:02 B C:\Documents and Settings\Matrix\Desktop\dl\lib\world\zon\92.zon --> ftp.spunge.org /home3/mayhem42/dl/lib/world/zon 92.zon
2003.12.27 16:02 B C:\Documents and Settings\Matrix\Desktop\dl\lib\world\zon\95.zon --> ftp.spunge.org /home3/mayhem42/dl/lib/world/zon 95.zon
2003.12.27 16:02 B C:\Documents and Settings\Matrix\Desktop\dl\lib\world\zon\96.zon --> ftp.spunge.org /home3/mayhem42/dl/lib/world/zon 96.zon
2003.12.27 16:02 B C:\Documents and Settings\Matrix\Desktop\dl\lib\world\zon\97.zon --> ftp.spunge.org /home3/mayhem42/dl/lib/world/zon 97.zon
2003.12.27 16:02 B C:\Documents and Settings\Matrix\Desktop\dl\lib\world\zon\index --> ftp.spunge.org /home3/mayhem42/dl/lib/world/zon index
2003.12.27 16:02 B C:\Documents and Settings\Matrix\Desktop\dl\lib\world\zon\index.mini --> ftp.spunge.org /home3/mayhem42/dl/lib/world/zon index.mini
